Some samples have seq_types {'capture'} that are not configured in the pairing config for the star module. They will be excluded from the analysis.
Building DAG of jobs...
Executing subworkflow reference_files.
localrules directive specifies rules that are not present in the Snakefile:
	download_chrom_mappings

Building DAG of jobs...
Conda environment /projects/clc/clc_scratch/projects/hwinata/dev-modules/lcr-modules/workflows/reference_files/1.0/envs/cvbio-3.0.0.yaml will be created.
Conda environment /projects/clc/clc_scratch/projects/hwinata/dev-modules/lcr-modules/workflows/reference_files/1.0/envs/samtools-1.9.yaml will be created.
Conda environment /projects/clc/clc_scratch/projects/hwinata/dev-modules/lcr-modules/workflows/reference_files/1.0/envs/star-2.7.3a.yaml will be created.
Job counts:
	count	jobs
	1	create_star_index
	1	download_gencode_annotation
	1	download_genome_fasta
	1	download_main_chromosomes
	1	get_gencode_download
	1	get_genome_fasta_download
	1	get_main_chromosomes_download
	2	hardlink_download
	1	index_genome_fasta
	2	update_contig_names
	12

[Thu Jun  4 11:54:21 2020]
localrule download_gencode_annotation:
    output: downloads/gencode-33/gencode.annotation.grch37.gtf
    jobid: 10
    reason: Missing output files: downloads/gencode-33/gencode.annotation.grch37.gtf
    wildcards: gencode_release=33, version=grch37

[Thu Jun  4 11:54:21 2020]
localrule download_genome_fasta:
    output: downloads/genome_fasta/grch37.fa
    log: downloads/genome_fasta/grch37.fa.log
    jobid: 5
    reason: Missing output files: downloads/genome_fasta/grch37.fa
    wildcards: genome_build=grch37

curl -L https://www.bcgsc.ca/downloads/lcr-modules/genome_fastas/grch37.fa > downloads/genome_fasta/grch37.fa 2> downloads/genome_fasta/grch37.fa.log && chmod a-w downloads/genome_fasta/grch37.fa

[Thu Jun  4 11:54:21 2020]
localrule download_main_chromosomes:
    input: chrom_mappings/GRCh37_ensembl2ucsc.txt
    output: downloads/main_chromosomes/main_chromosomes.grch37.txt
    jobid: 11
    reason: Missing output files: downloads/main_chromosomes/main_chromosomes.grch37.txt
    wildcards: version=grch37

egrep -w "^(1|2|3|4|5|6|7|8|9|10|11|12|13|14|15|16|17|18|19|20|21|22|X|Y|MT)" chrom_mappings/GRCh37_ensembl2ucsc.txt | cut -f1 > downloads/main_chromosomes/main_chromosomes.grch37.txt && chmod a-w downloads/main_chromosomes/main_chromosomes.grch37.txt

[Thu Jun  4 11:54:21 2020]
localrule update_contig_names:
    input: downloads/main_chromosomes/main_chromosomes.grch37.txt
    output: downloads/main_chromosomes/main_chromosomes.grch37.ensembl.txt
    log: downloads/main_chromosomes/main_chromosomes.grch37.ensembl.txt.log
    jobid: 9
    reason: Missing output files: downloads/main_chromosomes/main_chromosomes.grch37.ensembl.txt; Input files updated by another job: downloads/main_chromosomes/main_chromosomes.grch37.txt
    wildcards: parent_dir=main_chromosomes, prefix=main_chromosomes, version=grch37, to_provider=ensembl, ext=txt

if [[ 'ensembl' == 'ensembl' ]]; then ln -f downloads/main_chromosomes/main_chromosomes.grch37.txt downloads/main_chromosomes/main_chromosomes.grch37.ensembl.txt; else cvbio UpdateContigNames --in downloads/main_chromosomes/main_chromosomes.grch37.txt --out downloads/main_chromosomes/main_chromosomes.grch37.ensembl.txt --mapping chrom_mappings/GRCh37_ensembl2ensembl.txt --comment-chars '#' --columns 0 --skip-missing false --delimiter '	' > downloads/main_chromosomes/main_chromosomes.grch37.ensembl.txt.log 2>&1 && chmod a-w downloads/main_chromosomes/main_chromosomes.grch37.ensembl.txt; fi

[Thu Jun  4 11:54:21 2020]
localrule get_genome_fasta_download:
    input: downloads/genome_fasta/grch37.fa
    output: genomes/grch37/genome_fasta/genome.fa
    jobid: 1
    reason: Missing output files: genomes/grch37/genome_fasta/genome.fa; Input files updated by another job: downloads/genome_fasta/grch37.fa
    wildcards: genome_build=grch37

ln -f downloads/genome_fasta/grch37.fa genomes/grch37/genome_fasta/genome.fa

[Thu Jun  4 11:54:21 2020]
localrule update_contig_names:
    input: downloads/gencode-33/gencode.annotation.grch37.gtf
    output: downloads/gencode-33/gencode.annotation.grch37.ensembl.gtf
    log: downloads/gencode-33/gencode.annotation.grch37.ensembl.gtf.log
    jobid: 8
    reason: Missing output files: downloads/gencode-33/gencode.annotation.grch37.ensembl.gtf; Input files updated by another job: downloads/gencode-33/gencode.annotation.grch37.gtf
    wildcards: parent_dir=gencode-33, prefix=gencode.annotation, version=grch37, to_provider=ensembl, ext=gtf

if [[ 'ensembl' == 'ucsc' ]]; then ln -f downloads/gencode-33/gencode.annotation.grch37.gtf downloads/gencode-33/gencode.annotation.grch37.ensembl.gtf; else cvbio UpdateContigNames --in downloads/gencode-33/gencode.annotation.grch37.gtf --out downloads/gencode-33/gencode.annotation.grch37.ensembl.gtf --mapping chrom_mappings/GRCh37_ucsc2ensembl.txt --comment-chars '#' --columns 0 --skip-missing false --delimiter '	' > downloads/gencode-33/gencode.annotation.grch37.ensembl.gtf.log 2>&1 && chmod a-w downloads/gencode-33/gencode.annotation.grch37.ensembl.gtf; fi

[Thu Jun  4 11:54:21 2020]
localrule hardlink_download:
    input: downloads/main_chromosomes/main_chromosomes.grch37.ensembl.txt
    output: genomes/grch37/downloads/main_chromosomes/main_chromosomes.grch37.txt
    jobid: 6
    reason: Missing output files: genomes/grch37/downloads/main_chromosomes/main_chromosomes.grch37.txt; Input files updated by another job: downloads/main_chromosomes/main_chromosomes.grch37.ensembl.txt
    wildcards: genome_build=grch37, suffix=main_chromosomes/main_chromosomes.grch37.txt

ln -f downloads/main_chromosomes/main_chromosomes.grch37.ensembl.txt genomes/grch37/downloads/main_chromosomes/main_chromosomes.grch37.txt

[Thu Jun  4 11:54:21 2020]
localrule index_genome_fasta:
    input: genomes/grch37/genome_fasta/genome.fa
    output: genomes/grch37/genome_fasta/genome.fa.fai
    log: genomes/grch37/genome_fasta/genome.fa.fai.log
    jobid: 7
    reason: Missing output files: genomes/grch37/genome_fasta/genome.fa.fai; Input files updated by another job: genomes/grch37/genome_fasta/genome.fa
    wildcards: genome_build=grch37

samtools faidx genomes/grch37/genome_fasta/genome.fa > genomes/grch37/genome_fasta/genome.fa.fai.log 2>&1 && chmod a-w genomes/grch37/genome_fasta/genome.fa.fai

[Thu Jun  4 11:54:21 2020]
localrule hardlink_download:
    input: downloads/gencode-33/gencode.annotation.grch37.ensembl.gtf
    output: genomes/grch37/downloads/gencode-33/gencode.annotation.grch37.gtf
    jobid: 4
    reason: Missing output files: genomes/grch37/downloads/gencode-33/gencode.annotation.grch37.gtf; Input files updated by another job: downloads/gencode-33/gencode.annotation.grch37.ensembl.gtf
    wildcards: genome_build=grch37, suffix=gencode-33/gencode.annotation.grch37.gtf

ln -f downloads/gencode-33/gencode.annotation.grch37.ensembl.gtf genomes/grch37/downloads/gencode-33/gencode.annotation.grch37.gtf

[Thu Jun  4 11:54:21 2020]
localrule get_main_chromosomes_download:
    input: genomes/grch37/downloads/main_chromosomes/main_chromosomes.grch37.txt, genomes/grch37/genome_fasta/genome.fa.fai
    output: genomes/grch37/genome_fasta/main_chromosomes.txt, genomes/grch37/genome_fasta/main_chromosomes.bed, genomes/grch37/genome_fasta/main_chromosomes.patterns.txt
    jobid: 2
    reason: Missing output files: genomes/grch37/genome_fasta/main_chromosomes.bed; Input files updated by another job: genomes/grch37/downloads/main_chromosomes/main_chromosomes.grch37.txt, genomes/grch37/genome_fasta/genome.fa.fai
    wildcards: genome_build=grch37

sed 's/^/^/' genomes/grch37/downloads/main_chromosomes/main_chromosomes.grch37.txt > genomes/grch37/genome_fasta/main_chromosomes.patterns.txt && egrep -w -f genomes/grch37/genome_fasta/main_chromosomes.patterns.txt genomes/grch37/genome_fasta/genome.fa.fai | cut -f1 > genomes/grch37/genome_fasta/main_chromosomes.txt && egrep -w -f genomes/grch37/genome_fasta/main_chromosomes.patterns.txt genomes/grch37/genome_fasta/genome.fa.fai | awk 'BEGIN {FS=OFS="	"} {print $1,  0, $2}' > genomes/grch37/genome_fasta/main_chromosomes.bed && chmod a-w genomes/grch37/genome_fasta/main_chromosomes.txt genomes/grch37/genome_fasta/main_chromosomes.bed

[Thu Jun  4 11:54:21 2020]
localrule create_star_index:
    input: genomes/grch37/genome_fasta/genome.fa, genomes/grch37/downloads/gencode-33/gencode.annotation.grch37.gtf
    output: genomes/grch37/star_index/star-2.7.3a/gencode-33/overhang-99
    log: genomes/grch37/star_index/star-2.7.3a/gencode-33/overhang-99/log
    jobid: 3
    reason: Missing output files: genomes/grch37/star_index/star-2.7.3a/gencode-33/overhang-99; Input files updated by another job: genomes/grch37/downloads/gencode-33/gencode.annotation.grch37.gtf, genomes/grch37/genome_fasta/genome.fa
    wildcards: genome_build=grch37, star_version=2.7.3a, gencode_release=33, star_overhang=99

STAR --runThreadN 1 --runMode genomeGenerate --genomeDir genomes/grch37/star_index/star-2.7.3a/gencode-33/overhang-99 --genomeFastaFiles genomes/grch37/genome_fasta/genome.fa --sjdbOverhang 99 --sjdbGTFfile genomes/grch37/downloads/gencode-33/gencode.annotation.grch37.gtf --outTmpDir genomes/grch37/star_index/star-2.7.3a/gencode-33/overhang-99/_STARtmp > genomes/grch37/star_index/star-2.7.3a/gencode-33/overhang-99/log 2>&1 --outFileNamePrefix genomes/grch37/star_index/star-2.7.3a/gencode-33/overhang-99/ && find genomes/grch37/star_index/star-2.7.3a/gencode-33/overhang-99 -type f -exec chmod a-w {} \;

[Thu Jun  4 11:54:21 2020]
localrule get_gencode_download:
    input: genomes/grch37/downloads/gencode-33/gencode.annotation.grch37.gtf
    output: genomes/grch37/annotations/gencode_annotation-33.gtf
    jobid: 0
    reason: Missing output files: genomes/grch37/annotations/gencode_annotation-33.gtf; Input files updated by another job: genomes/grch37/downloads/gencode-33/gencode.annotation.grch37.gtf
    wildcards: genome_build=grch37, gencode_release=33

ln -f genomes/grch37/downloads/gencode-33/gencode.annotation.grch37.gtf genomes/grch37/annotations/gencode_annotation-33.gtf
Job counts:
	count	jobs
	1	create_star_index
	1	download_gencode_annotation
	1	download_genome_fasta
	1	download_main_chromosomes
	1	get_gencode_download
	1	get_genome_fasta_download
	1	get_main_chromosomes_download
	2	hardlink_download
	1	index_genome_fasta
	2	update_contig_names
	12
This was a dry-run (flag -n). The order of jobs does not reflect the order of execution.
Executing main workflow.
Conda environment ../modules/manta/2.0/envs/svtools-0.5.1.yaml will be created.
Conda environment ../modules/manta/2.0/envs/manta-1.6.0.yaml will be created.
Conda environment ../modules/strelka/1.0/envs/strelka-2.9.10.yaml will be created.
Conda environment ../modules/manta/2.0/envs/tabix-0.2.6.yaml will be created.
Conda environment /projects/clc/clc_scratch/projects/hwinata/dev-modules/lcr-modules/modules/manta/2.0/../../../../lcr-scripts/augment_manta_vcf/1.0/augment_manta_vcf-1.yaml will be created.
Conda environment ../modules/utils/1.0/envs/sambamba-0.7.1.yaml will be created.
Conda environment ../modules/utils/1.0/envs/samtools-1.9.yaml will be created.
Conda environment ../modules/star/1.0/envs/star-2.7.3a.yaml will be created.
Job counts:
	count	jobs
	1	1
	1	2
	1	3
	7	_manta_augment_vcf
	1	_manta_configure_paired
	1	_manta_configure_unpaired
	2	_manta_dispatch
	1	_manta_index_bed
	3	_manta_input_bam
	3	_manta_output_bedpe
	7	_manta_output_vcf
	2	_manta_run
	3	_manta_vcf_to_bedpe
	1	_star_input_fastq
	1	_star_output_bam
	1	_star_run
	1	_star_symlink_sorted_bam
	1	_star_symlink_star_bam
	1	_strelka_configure_paired
	1	_strelka_configure_unpaired
	2	_strelka_dispatch
	3	_strelka_filter
	3	_strelka_input_bam
	3	_strelka_output_vcf
	2	_strelka_run
	3	_strelka_unzip
	1	all
	57

[Thu Jun  4 11:54:21 2020]
localrule _manta_index_bed:
    input: /projects/clc/clc_scratch/projects/hwinata/dev-modules/lcr-modules/demo/reference/genomes/grch37/genome_fasta/main_chromosomes.bed
    output: results/manta-2.0/01-chrom_bed/grch37.main_chroms.bed.gz
    jobid: 50
    reason: Missing output files: results/manta-2.0/01-chrom_bed/grch37.main_chroms.bed.gz; Updated input files: /projects/clc/clc_scratch/projects/hwinata/dev-modules/lcr-modules/demo/reference/genomes/grch37/genome_fasta/main_chromosomes.bed
    wildcards: genome_build=grch37

bgzip -c /projects/clc/clc_scratch/projects/hwinata/dev-modules/lcr-modules/demo/reference/genomes/grch37/genome_fasta/main_chromosomes.bed > results/manta-2.0/01-chrom_bed/grch37.main_chroms.bed.gz && tabix results/manta-2.0/01-chrom_bed/grch37.main_chroms.bed.gz

[Thu Jun  4 11:54:21 2020]
localrule _manta_input_bam:
    input: data/TCRBOA7-N-WEX.bam, data/TCRBOA7-N-WEX.bam.bai
    output: results/manta-2.0/00-inputs/bam/capture--grch37/TCRBOA7-N-WEX.bam, results/manta-2.0/00-inputs/bam/capture--grch37/TCRBOA7-N-WEX.bam.bai
    jobid: 49
    reason: Missing output files: results/manta-2.0/00-inputs/bam/capture--grch37/TCRBOA7-N-WEX.bam
    wildcards: seq_type=capture, genome_build=grch37, sample_id=TCRBOA7-N-WEX

[Thu Jun  4 11:54:21 2020]
localrule _strelka_input_bam:
    input: data/TCRBOA7-T-RNA.bam, data/TCRBOA7-T-RNA.bam.bai
    output: results/strelka-1.0/00-inputs/mrna--grch37/TCRBOA7-T-RNA.bam, results/strelka-1.0/00-inputs/mrna--grch37/TCRBOA7-T-RNA.bam.bai
    jobid: 56
    reason: Missing output files: results/strelka-1.0/00-inputs/mrna--grch37/TCRBOA7-T-RNA.bam
    wildcards: seq_type=mrna, genome_build=grch37, sample_id=TCRBOA7-T-RNA

[Thu Jun  4 11:54:21 2020]
localrule _manta_input_bam:
    input: data/TCRBOA7-T-WEX.bam, data/TCRBOA7-T-WEX.bam.bai
    output: results/manta-2.0/00-inputs/bam/capture--grch37/TCRBOA7-T-WEX.bam, results/manta-2.0/00-inputs/bam/capture--grch37/TCRBOA7-T-WEX.bam.bai
    jobid: 48
    reason: Missing output files: results/manta-2.0/00-inputs/bam/capture--grch37/TCRBOA7-T-WEX.bam
    wildcards: seq_type=capture, genome_build=grch37, sample_id=TCRBOA7-T-WEX

[Thu Jun  4 11:54:21 2020]
localrule _star_input_fastq:
    input: data/TCRBOA7-T-RNA.read1.fastq.gz, data/TCRBOA7-T-RNA.read2.fastq.gz
    output: results/star-1.0/00-inputs/fastq/mrna--grch37/TCRBOA7-T-RNA.R1.fastq.gz, results/star-1.0/00-inputs/fastq/mrna--grch37/TCRBOA7-T-RNA.R2.fastq.gz
    jobid: 47
    reason: Missing output files: results/star-1.0/00-inputs/fastq/mrna--grch37/TCRBOA7-T-RNA.R1.fastq.gz, results/star-1.0/00-inputs/fastq/mrna--grch37/TCRBOA7-T-RNA.R2.fastq.gz
    wildcards: seq_type=mrna, genome_build=grch37, sample_id=TCRBOA7-T-RNA

[Thu Jun  4 11:54:21 2020]
localrule _strelka_input_bam:
    input: data/TCRBOA7-T-WEX.bam, data/TCRBOA7-T-WEX.bam.bai
    output: results/strelka-1.0/00-inputs/capture--grch37/TCRBOA7-T-WEX.bam, results/strelka-1.0/00-inputs/capture--grch37/TCRBOA7-T-WEX.bam.bai
    jobid: 54
    reason: Missing output files: results/strelka-1.0/00-inputs/capture--grch37/TCRBOA7-T-WEX.bam
    wildcards: seq_type=capture, genome_build=grch37, sample_id=TCRBOA7-T-WEX

[Thu Jun  4 11:54:21 2020]
localrule _strelka_input_bam:
    input: data/TCRBOA7-N-WEX.bam, data/TCRBOA7-N-WEX.bam.bai
    output: results/strelka-1.0/00-inputs/capture--grch37/TCRBOA7-N-WEX.bam, results/strelka-1.0/00-inputs/capture--grch37/TCRBOA7-N-WEX.bam.bai
    jobid: 55
    reason: Missing output files: results/strelka-1.0/00-inputs/capture--grch37/TCRBOA7-N-WEX.bam
    wildcards: seq_type=capture, genome_build=grch37, sample_id=TCRBOA7-N-WEX

[Thu Jun  4 11:54:21 2020]
localrule _manta_input_bam:
    input: data/TCRBOA7-T-RNA.bam, data/TCRBOA7-T-RNA.bam.bai
    output: results/manta-2.0/00-inputs/bam/mrna--grch37/TCRBOA7-T-RNA.bam, results/manta-2.0/00-inputs/bam/mrna--grch37/TCRBOA7-T-RNA.bam.bai
    jobid: 51
    reason: Missing output files: results/manta-2.0/00-inputs/bam/mrna--grch37/TCRBOA7-T-RNA.bam
    wildcards: seq_type=mrna, genome_build=grch37, sample_id=TCRBOA7-T-RNA

[Thu Jun  4 11:54:21 2020]
localrule _strelka_configure_paired:
    input: results/strelka-1.0/00-inputs/capture--grch37/TCRBOA7-T-WEX.bam, results/strelka-1.0/00-inputs/capture--grch37/TCRBOA7-N-WEX.bam, /projects/clc/clc_scratch/projects/hwinata/dev-modules/lcr-modules/demo/reference/genomes/grch37/genome_fasta/genome.fa
    output: results/strelka-1.0/01-strelka/capture--grch37/TCRBOA7-T-WEX--TCRBOA7-N-WEX--matched/runWorkflow.py
    log: results/strelka-1.0/logs/launched-2020-06-04-at-11-54-18/01-strelka/capture--grch37/TCRBOA7-T-WEX--TCRBOA7-N-WEX--matched/strelka_configure.stdout.log, results/strelka-1.0/logs/launched-2020-06-04-at-11-54-18/01-strelka/capture--grch37/TCRBOA7-T-WEX--TCRBOA7-N-WEX--matched/strelka_configure.stderr.log
    jobid: 52
    reason: Missing output files: results/strelka-1.0/01-strelka/capture--grch37/TCRBOA7-T-WEX--TCRBOA7-N-WEX--matched/runWorkflow.py; Updated input files: /projects/clc/clc_scratch/projects/hwinata/dev-modules/lcr-modules/demo/reference/genomes/grch37/genome_fasta/genome.fa; Input files updated by another job: results/strelka-1.0/00-inputs/capture--grch37/TCRBOA7-N-WEX.bam, results/strelka-1.0/00-inputs/capture--grch37/TCRBOA7-T-WEX.bam
    wildcards: seq_type=capture, genome_build=grch37, tumour_id=TCRBOA7-T-WEX, normal_id=TCRBOA7-N-WEX, pair_status=matched

configureStrelkaSomaticWorkflow.py --normalBam=results/strelka-1.0/00-inputs/capture--grch37/TCRBOA7-N-WEX.bam --tumorBam=results/strelka-1.0/00-inputs/capture--grch37/TCRBOA7-T-WEX.bam --referenceFasta=/projects/clc/clc_scratch/projects/hwinata/dev-modules/lcr-modules/demo/reference/genomes/grch37/genome_fasta/genome.fa --runDir=$(dirname results/strelka-1.0/01-strelka/capture--grch37/TCRBOA7-T-WEX--TCRBOA7-N-WEX--matched/runWorkflow.py) --indelCandidates=results/manta-2.0/99-outputs/vcf/capture--grch37/candidateSmallIndels/TCRBOA7-T-WEX--TCRBOA7-N-WEX.candidateSmallIndels.vcf --exome > results/strelka-1.0/logs/launched-2020-06-04-at-11-54-18/01-strelka/capture--grch37/TCRBOA7-T-WEX--TCRBOA7-N-WEX--matched/strelka_configure.stdout.log 2> results/strelka-1.0/logs/launched-2020-06-04-at-11-54-18/01-strelka/capture--grch37/TCRBOA7-T-WEX--TCRBOA7-N-WEX--matched/strelka_configure.stderr.log

[Thu Jun  4 11:54:21 2020]
localrule _manta_configure_unpaired:
    input: results/manta-2.0/00-inputs/bam/mrna--grch37/TCRBOA7-T-RNA.bam, /projects/clc/clc_scratch/projects/hwinata/dev-modules/lcr-modules/demo/reference/genomes/grch37/genome_fasta/genome.fa, ../modules/manta/2.0/etc/manta_config.high_sensitivity.ini, results/manta-2.0/01-chrom_bed/grch37.main_chroms.bed.gz
    output: results/manta-2.0/02-manta/mrna--grch37/TCRBOA7-T-RNA--None--no_normal/runWorkflow.py
    log: results/manta-2.0/logs/launched-2020-06-04-at-11-54-18/02-manta/mrna--grch37/TCRBOA7-T-RNA--None--no_normal/manta_configure.stdout.log, results/manta-2.0/logs/launched-2020-06-04-at-11-54-18/02-manta/mrna--grch37/TCRBOA7-T-RNA--None--no_normal/manta_configure.stderr.log
    jobid: 44
    reason: Missing output files: results/manta-2.0/02-manta/mrna--grch37/TCRBOA7-T-RNA--None--no_normal/runWorkflow.py; Updated input files: /projects/clc/clc_scratch/projects/hwinata/dev-modules/lcr-modules/demo/reference/genomes/grch37/genome_fasta/genome.fa; Input files updated by another job: results/manta-2.0/00-inputs/bam/mrna--grch37/TCRBOA7-T-RNA.bam, results/manta-2.0/01-chrom_bed/grch37.main_chroms.bed.gz
    wildcards: seq_type=mrna, genome_build=grch37, tumour_id=TCRBOA7-T-RNA, normal_id=None, pair_status=no_normal

configManta.py --rna --referenceFasta /projects/clc/clc_scratch/projects/hwinata/dev-modules/lcr-modules/demo/reference/genomes/grch37/genome_fasta/genome.fa --callRegions results/manta-2.0/01-chrom_bed/grch37.main_chroms.bed.gz --runDir "$(dirname results/manta-2.0/02-manta/mrna--grch37/TCRBOA7-T-RNA--None--no_normal/runWorkflow.py)" --bam results/manta-2.0/00-inputs/bam/mrna--grch37/TCRBOA7-T-RNA.bam --config ../modules/manta/2.0/etc/manta_config.high_sensitivity.ini > results/manta-2.0/logs/launched-2020-06-04-at-11-54-18/02-manta/mrna--grch37/TCRBOA7-T-RNA--None--no_normal/manta_configure.stdout.log 2> results/manta-2.0/logs/launched-2020-06-04-at-11-54-18/02-manta/mrna--grch37/TCRBOA7-T-RNA--None--no_normal/manta_configure.stderr.log

[Thu Jun  4 11:54:21 2020]
localrule _strelka_configure_unpaired:
    input: results/strelka-1.0/00-inputs/mrna--grch37/TCRBOA7-T-RNA.bam, /projects/clc/clc_scratch/projects/hwinata/dev-modules/lcr-modules/demo/reference/genomes/grch37/genome_fasta/genome.fa
    output: results/strelka-1.0/01-strelka/mrna--grch37/TCRBOA7-T-RNA--None--no_normal/runWorkflow.py
    log: results/strelka-1.0/logs/launched-2020-06-04-at-11-54-18/01-strelka/mrna--grch37/TCRBOA7-T-RNA--None--no_normal/strelka_configure.stdout.log, results/strelka-1.0/logs/launched-2020-06-04-at-11-54-18/01-strelka/mrna--grch37/TCRBOA7-T-RNA--None--no_normal/strelka_configure.stderr.log
    jobid: 53
    reason: Missing output files: results/strelka-1.0/01-strelka/mrna--grch37/TCRBOA7-T-RNA--None--no_normal/runWorkflow.py; Updated input files: /projects/clc/clc_scratch/projects/hwinata/dev-modules/lcr-modules/demo/reference/genomes/grch37/genome_fasta/genome.fa; Input files updated by another job: results/strelka-1.0/00-inputs/mrna--grch37/TCRBOA7-T-RNA.bam
    wildcards: seq_type=mrna, genome_build=grch37, tumour_id=TCRBOA7-T-RNA, normal_id=None, pair_status=no_normal

configureStrelkaGermlineWorkflow.py --bam=results/strelka-1.0/00-inputs/mrna--grch37/TCRBOA7-T-RNA.bam --referenceFasta=/projects/clc/clc_scratch/projects/hwinata/dev-modules/lcr-modules/demo/reference/genomes/grch37/genome_fasta/genome.fa --runDir=$(dirname results/strelka-1.0/01-strelka/mrna--grch37/TCRBOA7-T-RNA--None--no_normal/runWorkflow.py) --rna > results/strelka-1.0/logs/launched-2020-06-04-at-11-54-18/01-strelka/mrna--grch37/TCRBOA7-T-RNA--None--no_normal/strelka_configure.stdout.log 2> results/strelka-1.0/logs/launched-2020-06-04-at-11-54-18/01-strelka/mrna--grch37/TCRBOA7-T-RNA--None--no_normal/strelka_configure.stderr.log

[Thu Jun  4 11:54:21 2020]
rule _star_run:
    input: results/star-1.0/00-inputs/fastq/mrna--grch37/TCRBOA7-T-RNA.R1.fastq.gz, results/star-1.0/00-inputs/fastq/mrna--grch37/TCRBOA7-T-RNA.R2.fastq.gz, /projects/clc/clc_scratch/projects/hwinata/dev-modules/lcr-modules/demo/reference/genomes/grch37/star_index/star-2.7.3a/gencode-33/overhang-99, /projects/clc/clc_scratch/projects/hwinata/dev-modules/lcr-modules/demo/reference/genomes/grch37/annotations/gencode_annotation-33.gtf
    output: results/star-1.0/01-star/mrna--grch37/TCRBOA7-T-RNA/Aligned.out.bam
    log: results/star-1.0/logs/launched-2020-06-04-at-11-54-18/01-star/mrna--grch37/TCRBOA7-T-RNA/star.stdout.log, results/star-1.0/logs/launched-2020-06-04-at-11-54-18/01-star/mrna--grch37/TCRBOA7-T-RNA/star.stderr.log
    jobid: 42
    reason: Missing output files: results/star-1.0/01-star/mrna--grch37/TCRBOA7-T-RNA/Aligned.out.bam; Updated input files: /projects/clc/clc_scratch/projects/hwinata/dev-modules/lcr-modules/demo/reference/genomes/grch37/annotations/gencode_annotation-33.gtf, /projects/clc/clc_scratch/projects/hwinata/dev-modules/lcr-modules/demo/reference/genomes/grch37/star_index/star-2.7.3a/gencode-33/overhang-99; Input files updated by another job: results/star-1.0/00-inputs/fastq/mrna--grch37/TCRBOA7-T-RNA.R1.fastq.gz, results/star-1.0/00-inputs/fastq/mrna--grch37/TCRBOA7-T-RNA.R2.fastq.gz
    wildcards: seq_type=mrna, genome_build=grch37, sample_id=TCRBOA7-T-RNA
    resources: mem_mb=40000

STAR --runMode alignReads --twopassMode Basic --genomeLoad NoSharedMemory --readFilesCommand zcat --outSAMtype BAM Unsorted --outSAMattrIHstart 0 --chimOutType WithinBAM SoftClip --chimSegmentMin 20 --readFilesIn results/star-1.0/00-inputs/fastq/mrna--grch37/TCRBOA7-T-RNA.R1.fastq.gz results/star-1.0/00-inputs/fastq/mrna--grch37/TCRBOA7-T-RNA.R2.fastq.gz --genomeDir /projects/clc/clc_scratch/projects/hwinata/dev-modules/lcr-modules/demo/reference/genomes/grch37/star_index/star-2.7.3a/gencode-33/overhang-99 --outFileNamePrefix results/star-1.0/01-star/mrna--grch37/TCRBOA7-T-RNA/ --runThreadN 1 --sjdbGTFfile /projects/clc/clc_scratch/projects/hwinata/dev-modules/lcr-modules/demo/reference/genomes/grch37/annotations/gencode_annotation-33.gtf --sjdbOverhang 99 > results/star-1.0/logs/launched-2020-06-04-at-11-54-18/01-star/mrna--grch37/TCRBOA7-T-RNA/star.stdout.log 2> results/star-1.0/logs/launched-2020-06-04-at-11-54-18/01-star/mrna--grch37/TCRBOA7-T-RNA/star.stderr.log && rmdir results/star-1.0/01-star/mrna--grch37/TCRBOA7-T-RNA//_STARtmp

[Thu Jun  4 11:54:21 2020]
localrule _manta_configure_paired:
    input: results/manta-2.0/00-inputs/bam/capture--grch37/TCRBOA7-T-WEX.bam, results/manta-2.0/00-inputs/bam/capture--grch37/TCRBOA7-N-WEX.bam, /projects/clc/clc_scratch/projects/hwinata/dev-modules/lcr-modules/demo/reference/genomes/grch37/genome_fasta/genome.fa, ../modules/manta/2.0/etc/manta_config.high_sensitivity.ini, results/manta-2.0/01-chrom_bed/grch37.main_chroms.bed.gz
    output: results/manta-2.0/02-manta/capture--grch37/TCRBOA7-T-WEX--TCRBOA7-N-WEX--matched/runWorkflow.py
    log: results/manta-2.0/logs/launched-2020-06-04-at-11-54-18/02-manta/capture--grch37/TCRBOA7-T-WEX--TCRBOA7-N-WEX--matched/manta_configure.stdout.log, results/manta-2.0/logs/launched-2020-06-04-at-11-54-18/02-manta/capture--grch37/TCRBOA7-T-WEX--TCRBOA7-N-WEX--matched/manta_configure.stderr.log
    jobid: 43
    reason: Missing output files: results/manta-2.0/02-manta/capture--grch37/TCRBOA7-T-WEX--TCRBOA7-N-WEX--matched/runWorkflow.py; Updated input files: /projects/clc/clc_scratch/projects/hwinata/dev-modules/lcr-modules/demo/reference/genomes/grch37/genome_fasta/genome.fa; Input files updated by another job: results/manta-2.0/00-inputs/bam/capture--grch37/TCRBOA7-T-WEX.bam, results/manta-2.0/01-chrom_bed/grch37.main_chroms.bed.gz, results/manta-2.0/00-inputs/bam/capture--grch37/TCRBOA7-N-WEX.bam
    wildcards: seq_type=capture, genome_build=grch37, tumour_id=TCRBOA7-T-WEX, normal_id=TCRBOA7-N-WEX, pair_status=matched

configManta.py --exome --referenceFasta /projects/clc/clc_scratch/projects/hwinata/dev-modules/lcr-modules/demo/reference/genomes/grch37/genome_fasta/genome.fa --callRegions results/manta-2.0/01-chrom_bed/grch37.main_chroms.bed.gz --runDir "$(dirname results/manta-2.0/02-manta/capture--grch37/TCRBOA7-T-WEX--TCRBOA7-N-WEX--matched/runWorkflow.py)" --tumourBam results/manta-2.0/00-inputs/bam/capture--grch37/TCRBOA7-T-WEX.bam --normalBam results/manta-2.0/00-inputs/bam/capture--grch37/TCRBOA7-N-WEX.bam --config ../modules/manta/2.0/etc/manta_config.high_sensitivity.ini > results/manta-2.0/logs/launched-2020-06-04-at-11-54-18/02-manta/capture--grch37/TCRBOA7-T-WEX--TCRBOA7-N-WEX--matched/manta_configure.stdout.log 2> results/manta-2.0/logs/launched-2020-06-04-at-11-54-18/02-manta/capture--grch37/TCRBOA7-T-WEX--TCRBOA7-N-WEX--matched/manta_configure.stderr.log

[Thu Jun  4 11:54:21 2020]
rule _strelka_run:
    input: results/strelka-1.0/01-strelka/mrna--grch37/TCRBOA7-T-RNA--None--no_normal/runWorkflow.py
    output: results/strelka-1.0/01-strelka/mrna--grch37/TCRBOA7-T-RNA--None--no_normal/results/variants/
    log: results/strelka-1.0/logs/launched-2020-06-04-at-11-54-18/01-strelka/mrna--grch37/TCRBOA7-T-RNA--None--no_normal/strelka_run.stdout.log, results/strelka-1.0/logs/launched-2020-06-04-at-11-54-18/01-strelka/mrna--grch37/TCRBOA7-T-RNA--None--no_normal/strelka_run.stderr.log
    jobid: 46
    reason: Missing output files: results/strelka-1.0/01-strelka/mrna--grch37/TCRBOA7-T-RNA--None--no_normal/results/variants/; Input files updated by another job: results/strelka-1.0/01-strelka/mrna--grch37/TCRBOA7-T-RNA--None--no_normal/runWorkflow.py
    wildcards: seq_type=mrna, genome_build=grch37, tumour_id=TCRBOA7-T-RNA, normal_id=None, pair_status=no_normal
    resources: mem_mb=2000

results/strelka-1.0/01-strelka/mrna--grch37/TCRBOA7-T-RNA--None--no_normal/runWorkflow.py -j 1 -m local >results/strelka-1.0/logs/launched-2020-06-04-at-11-54-18/01-strelka/mrna--grch37/TCRBOA7-T-RNA--None--no_normal/strelka_run.stdout.log 2> results/strelka-1.0/logs/launched-2020-06-04-at-11-54-18/01-strelka/mrna--grch37/TCRBOA7-T-RNA--None--no_normal/strelka_run.stderr.log

[Thu Jun  4 11:54:21 2020]
rule _strelka_run:
    input: results/strelka-1.0/01-strelka/capture--grch37/TCRBOA7-T-WEX--TCRBOA7-N-WEX--matched/runWorkflow.py
    output: results/strelka-1.0/01-strelka/capture--grch37/TCRBOA7-T-WEX--TCRBOA7-N-WEX--matched/results/variants/
    log: results/strelka-1.0/logs/launched-2020-06-04-at-11-54-18/01-strelka/capture--grch37/TCRBOA7-T-WEX--TCRBOA7-N-WEX--matched/strelka_run.stdout.log, results/strelka-1.0/logs/launched-2020-06-04-at-11-54-18/01-strelka/capture--grch37/TCRBOA7-T-WEX--TCRBOA7-N-WEX--matched/strelka_run.stderr.log
    jobid: 45
    reason: Missing output files: results/strelka-1.0/01-strelka/capture--grch37/TCRBOA7-T-WEX--TCRBOA7-N-WEX--matched/results/variants/; Input files updated by another job: results/strelka-1.0/01-strelka/capture--grch37/TCRBOA7-T-WEX--TCRBOA7-N-WEX--matched/runWorkflow.py
    wildcards: seq_type=capture, genome_build=grch37, tumour_id=TCRBOA7-T-WEX, normal_id=TCRBOA7-N-WEX, pair_status=matched
    resources: mem_mb=2000

results/strelka-1.0/01-strelka/capture--grch37/TCRBOA7-T-WEX--TCRBOA7-N-WEX--matched/runWorkflow.py -j 1 -m local >results/strelka-1.0/logs/launched-2020-06-04-at-11-54-18/01-strelka/capture--grch37/TCRBOA7-T-WEX--TCRBOA7-N-WEX--matched/strelka_run.stdout.log 2> results/strelka-1.0/logs/launched-2020-06-04-at-11-54-18/01-strelka/capture--grch37/TCRBOA7-T-WEX--TCRBOA7-N-WEX--matched/strelka_run.stderr.log

[Thu Jun  4 11:54:21 2020]
localrule _star_symlink_star_bam:
    input: results/star-1.0/01-star/mrna--grch37/TCRBOA7-T-RNA/Aligned.out.bam
    output: results/star-1.0/02-sort_bam/mrna--grch37/TCRBOA7-T-RNA.bam
    jobid: 36
    reason: Missing output files: results/star-1.0/02-sort_bam/mrna--grch37/TCRBOA7-T-RNA.bam; Input files updated by another job: results/star-1.0/01-star/mrna--grch37/TCRBOA7-T-RNA/Aligned.out.bam
    wildcards: seq_type=mrna, genome_build=grch37, sample_id=TCRBOA7-T-RNA

[Thu Jun  4 11:54:21 2020]
rule _manta_run:
    input: results/manta-2.0/02-manta/mrna--grch37/TCRBOA7-T-RNA--None--no_normal/runWorkflow.py
    output: results/manta-2.0/02-manta/mrna--grch37/TCRBOA7-T-RNA--None--no_normal/results/variants/
    log: results/manta-2.0/logs/launched-2020-06-04-at-11-54-18/02-manta/mrna--grch37/TCRBOA7-T-RNA--None--no_normal/manta_run.stdout.log, results/manta-2.0/logs/launched-2020-06-04-at-11-54-18/02-manta/mrna--grch37/TCRBOA7-T-RNA--None--no_normal/manta_run.stderr.log
    jobid: 38
    reason: Missing output files: results/manta-2.0/02-manta/mrna--grch37/TCRBOA7-T-RNA--None--no_normal/results/variants/; Input files updated by another job: results/manta-2.0/02-manta/mrna--grch37/TCRBOA7-T-RNA--None--no_normal/runWorkflow.py
    wildcards: seq_type=mrna, genome_build=grch37, tumour_id=TCRBOA7-T-RNA, normal_id=None, pair_status=no_normal
    resources: mem_mb=6000

results/manta-2.0/02-manta/mrna--grch37/TCRBOA7-T-RNA--None--no_normal/runWorkflow.py --mode local --jobs 1 > results/manta-2.0/logs/launched-2020-06-04-at-11-54-18/02-manta/mrna--grch37/TCRBOA7-T-RNA--None--no_normal/manta_run.stdout.log 2> results/manta-2.0/logs/launched-2020-06-04-at-11-54-18/02-manta/mrna--grch37/TCRBOA7-T-RNA--None--no_normal/manta_run.stderr.log && rm -rf "$(dirname results/manta-2.0/02-manta/mrna--grch37/TCRBOA7-T-RNA--None--no_normal/runWorkflow.py)/workspace/"

[Thu Jun  4 11:54:21 2020]
rule _manta_run:
    input: results/manta-2.0/02-manta/capture--grch37/TCRBOA7-T-WEX--TCRBOA7-N-WEX--matched/runWorkflow.py
    output: results/manta-2.0/02-manta/capture--grch37/TCRBOA7-T-WEX--TCRBOA7-N-WEX--matched/results/variants/
    log: results/manta-2.0/logs/launched-2020-06-04-at-11-54-18/02-manta/capture--grch37/TCRBOA7-T-WEX--TCRBOA7-N-WEX--matched/manta_run.stdout.log, results/manta-2.0/logs/launched-2020-06-04-at-11-54-18/02-manta/capture--grch37/TCRBOA7-T-WEX--TCRBOA7-N-WEX--matched/manta_run.stderr.log
    jobid: 37
    reason: Missing output files: results/manta-2.0/02-manta/capture--grch37/TCRBOA7-T-WEX--TCRBOA7-N-WEX--matched/results/variants/; Input files updated by another job: results/manta-2.0/02-manta/capture--grch37/TCRBOA7-T-WEX--TCRBOA7-N-WEX--matched/runWorkflow.py
    wildcards: seq_type=capture, genome_build=grch37, tumour_id=TCRBOA7-T-WEX, normal_id=TCRBOA7-N-WEX, pair_status=matched
    resources: mem_mb=6000

results/manta-2.0/02-manta/capture--grch37/TCRBOA7-T-WEX--TCRBOA7-N-WEX--matched/runWorkflow.py --mode local --jobs 1 > results/manta-2.0/logs/launched-2020-06-04-at-11-54-18/02-manta/capture--grch37/TCRBOA7-T-WEX--TCRBOA7-N-WEX--matched/manta_run.stdout.log 2> results/manta-2.0/logs/launched-2020-06-04-at-11-54-18/02-manta/capture--grch37/TCRBOA7-T-WEX--TCRBOA7-N-WEX--matched/manta_run.stderr.log && rm -rf "$(dirname results/manta-2.0/02-manta/capture--grch37/TCRBOA7-T-WEX--TCRBOA7-N-WEX--matched/runWorkflow.py)/workspace/"

[Thu Jun  4 11:54:21 2020]
rule 1:
    input: results/star-1.0/02-sort_bam/mrna--grch37/TCRBOA7-T-RNA.bam
    output: results/star-1.0/02-sort_bam/mrna--grch37/TCRBOA7-T-RNA.sort.bam
    log: results/star-1.0/logs/launched-2020-06-04-at-11-54-18/02-sort_bam/mrna--grch37/TCRBOA7-T-RNA/bam_sort.stdout.log, results/star-1.0/logs/launched-2020-06-04-at-11-54-18/02-sort_bam/mrna--grch37/TCRBOA7-T-RNA/bam_sort.stderr.log
    jobid: 21
    reason: Missing output files: results/star-1.0/02-sort_bam/mrna--grch37/TCRBOA7-T-RNA.sort.bam; Input files updated by another job: results/star-1.0/02-sort_bam/mrna--grch37/TCRBOA7-T-RNA.bam
    wildcards: prefix=02-sort_bam/mrna--grch37, suffix=TCRBOA7-T-RNA
    resources: mem_mb=12000

samtools sort  -@ 1 -m $((12000 / 1))M -T results/star-1.0/02-sort_bam/mrna--grch37/TCRBOA7-T-RNA -o results/star-1.0/02-sort_bam/mrna--grch37/TCRBOA7-T-RNA.sort.bam results/star-1.0/02-sort_bam/mrna--grch37/TCRBOA7-T-RNA.bam > results/star-1.0/logs/launched-2020-06-04-at-11-54-18/02-sort_bam/mrna--grch37/TCRBOA7-T-RNA/bam_sort.stdout.log 2> results/star-1.0/logs/launched-2020-06-04-at-11-54-18/02-sort_bam/mrna--grch37/TCRBOA7-T-RNA/bam_sort.stderr.log

[Thu Jun  4 11:54:21 2020]
rule _manta_augment_vcf:
    input: results/manta-2.0/02-manta/capture--grch37/TCRBOA7-T-WEX--TCRBOA7-N-WEX--matched/results/variants/, ../../lcr-scripts/augment_manta_vcf/1.0/augment_manta_vcf.py
    output: results/manta-2.0/03-augment_vcf/capture--grch37/TCRBOA7-T-WEX--TCRBOA7-N-WEX--matched/somaticSV.augmented.vcf
    log: results/manta-2.0/logs/launched-2020-06-04-at-11-54-18/03-augment_vcf/capture--grch37/TCRBOA7-T-WEX--TCRBOA7-N-WEX--matched/manta_augment_vcf.somaticSV.stdout.log, results/manta-2.0/logs/launched-2020-06-04-at-11-54-18/03-augment_vcf/capture--grch37/TCRBOA7-T-WEX--TCRBOA7-N-WEX--matched/manta_augment_vcf.somaticSV.stderr.log
    jobid: 22
    reason: Missing output files: results/manta-2.0/03-augment_vcf/capture--grch37/TCRBOA7-T-WEX--TCRBOA7-N-WEX--matched/somaticSV.augmented.vcf; Input files updated by another job: results/manta-2.0/02-manta/capture--grch37/TCRBOA7-T-WEX--TCRBOA7-N-WEX--matched/results/variants/
    wildcards: seq_type=capture, genome_build=grch37, tumour_id=TCRBOA7-T-WEX, normal_id=TCRBOA7-N-WEX, pair_status=matched, vcf_name=somaticSV
    resources: mem_mb=2000

../../lcr-scripts/augment_manta_vcf/1.0/augment_manta_vcf.py  --tumour_id TCRBOA7-T-WEX --normal_id TCRBOA7-N-WEX --vcf_type somaticSV results/manta-2.0/02-manta/capture--grch37/TCRBOA7-T-WEX--TCRBOA7-N-WEX--matched/results/variants//somaticSV.vcf.gz results/manta-2.0/03-augment_vcf/capture--grch37/TCRBOA7-T-WEX--TCRBOA7-N-WEX--matched/somaticSV.augmented.vcf > results/manta-2.0/logs/launched-2020-06-04-at-11-54-18/03-augment_vcf/capture--grch37/TCRBOA7-T-WEX--TCRBOA7-N-WEX--matched/manta_augment_vcf.somaticSV.stdout.log 2> results/manta-2.0/logs/launched-2020-06-04-at-11-54-18/03-augment_vcf/capture--grch37/TCRBOA7-T-WEX--TCRBOA7-N-WEX--matched/manta_augment_vcf.somaticSV.stderr.log

[Thu Jun  4 11:54:21 2020]
localrule _strelka_unzip:
    input: results/strelka-1.0/01-strelka/mrna--grch37/TCRBOA7-T-RNA--None--no_normal/results/variants/
    output: results/strelka-1.0/02-filtered/mrna--grch37/TCRBOA7-T-RNA--None--no_normal/variants.vcf
    jobid: 41
    reason: Missing output files: results/strelka-1.0/02-filtered/mrna--grch37/TCRBOA7-T-RNA--None--no_normal/variants.vcf; Input files updated by another job: results/strelka-1.0/01-strelka/mrna--grch37/TCRBOA7-T-RNA--None--no_normal/results/variants/
    wildcards: seq_type=mrna, genome_build=grch37, tumour_id=TCRBOA7-T-RNA, normal_id=None, pair_status=no_normal, var_type=variants

zcat results/strelka-1.0/01-strelka/mrna--grch37/TCRBOA7-T-RNA--None--no_normal/results/variants//variants.vcf.gz > results/strelka-1.0/02-filtered/mrna--grch37/TCRBOA7-T-RNA--None--no_normal/variants.vcf

[Thu Jun  4 11:54:21 2020]
rule _manta_augment_vcf:
    input: results/manta-2.0/02-manta/capture--grch37/TCRBOA7-T-WEX--TCRBOA7-N-WEX--matched/results/variants/, ../../lcr-scripts/augment_manta_vcf/1.0/augment_manta_vcf.py
    output: results/manta-2.0/03-augment_vcf/capture--grch37/TCRBOA7-T-WEX--TCRBOA7-N-WEX--matched/diploidSV.augmented.vcf
    log: results/manta-2.0/logs/launched-2020-06-04-at-11-54-18/03-augment_vcf/capture--grch37/TCRBOA7-T-WEX--TCRBOA7-N-WEX--matched/manta_augment_vcf.diploidSV.stdout.log, results/manta-2.0/logs/launched-2020-06-04-at-11-54-18/03-augment_vcf/capture--grch37/TCRBOA7-T-WEX--TCRBOA7-N-WEX--matched/manta_augment_vcf.diploidSV.stderr.log
    jobid: 23
    reason: Missing output files: results/manta-2.0/03-augment_vcf/capture--grch37/TCRBOA7-T-WEX--TCRBOA7-N-WEX--matched/diploidSV.augmented.vcf; Input files updated by another job: results/manta-2.0/02-manta/capture--grch37/TCRBOA7-T-WEX--TCRBOA7-N-WEX--matched/results/variants/
    wildcards: seq_type=capture, genome_build=grch37, tumour_id=TCRBOA7-T-WEX, normal_id=TCRBOA7-N-WEX, pair_status=matched, vcf_name=diploidSV
    resources: mem_mb=2000

../../lcr-scripts/augment_manta_vcf/1.0/augment_manta_vcf.py  --tumour_id TCRBOA7-T-WEX --normal_id TCRBOA7-N-WEX --vcf_type diploidSV results/manta-2.0/02-manta/capture--grch37/TCRBOA7-T-WEX--TCRBOA7-N-WEX--matched/results/variants//diploidSV.vcf.gz results/manta-2.0/03-augment_vcf/capture--grch37/TCRBOA7-T-WEX--TCRBOA7-N-WEX--matched/diploidSV.augmented.vcf > results/manta-2.0/logs/launched-2020-06-04-at-11-54-18/03-augment_vcf/capture--grch37/TCRBOA7-T-WEX--TCRBOA7-N-WEX--matched/manta_augment_vcf.diploidSV.stdout.log 2> results/manta-2.0/logs/launched-2020-06-04-at-11-54-18/03-augment_vcf/capture--grch37/TCRBOA7-T-WEX--TCRBOA7-N-WEX--matched/manta_augment_vcf.diploidSV.stderr.log

[Thu Jun  4 11:54:21 2020]
rule _manta_augment_vcf:
    input: results/manta-2.0/02-manta/capture--grch37/TCRBOA7-T-WEX--TCRBOA7-N-WEX--matched/results/variants/, ../../lcr-scripts/augment_manta_vcf/1.0/augment_manta_vcf.py
    output: results/manta-2.0/03-augment_vcf/capture--grch37/TCRBOA7-T-WEX--TCRBOA7-N-WEX--matched/candidateSmallIndels.augmented.vcf
    log: results/manta-2.0/logs/launched-2020-06-04-at-11-54-18/03-augment_vcf/capture--grch37/TCRBOA7-T-WEX--TCRBOA7-N-WEX--matched/manta_augment_vcf.candidateSmallIndels.stdout.log, results/manta-2.0/logs/launched-2020-06-04-at-11-54-18/03-augment_vcf/capture--grch37/TCRBOA7-T-WEX--TCRBOA7-N-WEX--matched/manta_augment_vcf.candidateSmallIndels.stderr.log
    jobid: 27
    reason: Missing output files: results/manta-2.0/03-augment_vcf/capture--grch37/TCRBOA7-T-WEX--TCRBOA7-N-WEX--matched/candidateSmallIndels.augmented.vcf; Input files updated by another job: results/manta-2.0/02-manta/capture--grch37/TCRBOA7-T-WEX--TCRBOA7-N-WEX--matched/results/variants/
    wildcards: seq_type=capture, genome_build=grch37, tumour_id=TCRBOA7-T-WEX, normal_id=TCRBOA7-N-WEX, pair_status=matched, vcf_name=candidateSmallIndels
    resources: mem_mb=2000

../../lcr-scripts/augment_manta_vcf/1.0/augment_manta_vcf.py  --tumour_id TCRBOA7-T-WEX --normal_id TCRBOA7-N-WEX --vcf_type candidateSmallIndels results/manta-2.0/02-manta/capture--grch37/TCRBOA7-T-WEX--TCRBOA7-N-WEX--matched/results/variants//candidateSmallIndels.vcf.gz results/manta-2.0/03-augment_vcf/capture--grch37/TCRBOA7-T-WEX--TCRBOA7-N-WEX--matched/candidateSmallIndels.augmented.vcf > results/manta-2.0/logs/launched-2020-06-04-at-11-54-18/03-augment_vcf/capture--grch37/TCRBOA7-T-WEX--TCRBOA7-N-WEX--matched/manta_augment_vcf.candidateSmallIndels.stdout.log 2> results/manta-2.0/logs/launched-2020-06-04-at-11-54-18/03-augment_vcf/capture--grch37/TCRBOA7-T-WEX--TCRBOA7-N-WEX--matched/manta_augment_vcf.candidateSmallIndels.stderr.log

[Thu Jun  4 11:54:21 2020]
rule _manta_augment_vcf:
    input: results/manta-2.0/02-manta/mrna--grch37/TCRBOA7-T-RNA--None--no_normal/results/variants/, ../../lcr-scripts/augment_manta_vcf/1.0/augment_manta_vcf.py
    output: results/manta-2.0/03-augment_vcf/mrna--grch37/TCRBOA7-T-RNA--None--no_normal/candidateSmallIndels.augmented.vcf
    log: results/manta-2.0/logs/launched-2020-06-04-at-11-54-18/03-augment_vcf/mrna--grch37/TCRBOA7-T-RNA--None--no_normal/manta_augment_vcf.candidateSmallIndels.stdout.log, results/manta-2.0/logs/launched-2020-06-04-at-11-54-18/03-augment_vcf/mrna--grch37/TCRBOA7-T-RNA--None--no_normal/manta_augment_vcf.candidateSmallIndels.stderr.log
    jobid: 31
    reason: Missing output files: results/manta-2.0/03-augment_vcf/mrna--grch37/TCRBOA7-T-RNA--None--no_normal/candidateSmallIndels.augmented.vcf; Input files updated by another job: results/manta-2.0/02-manta/mrna--grch37/TCRBOA7-T-RNA--None--no_normal/results/variants/
    wildcards: seq_type=mrna, genome_build=grch37, tumour_id=TCRBOA7-T-RNA, normal_id=None, pair_status=no_normal, vcf_name=candidateSmallIndels
    resources: mem_mb=2000

../../lcr-scripts/augment_manta_vcf/1.0/augment_manta_vcf.py  --tumour_id TCRBOA7-T-RNA --normal_id None --vcf_type candidateSmallIndels results/manta-2.0/02-manta/mrna--grch37/TCRBOA7-T-RNA--None--no_normal/results/variants//candidateSmallIndels.vcf.gz results/manta-2.0/03-augment_vcf/mrna--grch37/TCRBOA7-T-RNA--None--no_normal/candidateSmallIndels.augmented.vcf > results/manta-2.0/logs/launched-2020-06-04-at-11-54-18/03-augment_vcf/mrna--grch37/TCRBOA7-T-RNA--None--no_normal/manta_augment_vcf.candidateSmallIndels.stdout.log 2> results/manta-2.0/logs/launched-2020-06-04-at-11-54-18/03-augment_vcf/mrna--grch37/TCRBOA7-T-RNA--None--no_normal/manta_augment_vcf.candidateSmallIndels.stderr.log

[Thu Jun  4 11:54:21 2020]
localrule _strelka_unzip:
    input: results/strelka-1.0/01-strelka/capture--grch37/TCRBOA7-T-WEX--TCRBOA7-N-WEX--matched/results/variants/
    output: results/strelka-1.0/02-filtered/capture--grch37/TCRBOA7-T-WEX--TCRBOA7-N-WEX--matched/somatic.snvs.vcf
    jobid: 39
    reason: Missing output files: results/strelka-1.0/02-filtered/capture--grch37/TCRBOA7-T-WEX--TCRBOA7-N-WEX--matched/somatic.snvs.vcf; Input files updated by another job: results/strelka-1.0/01-strelka/capture--grch37/TCRBOA7-T-WEX--TCRBOA7-N-WEX--matched/results/variants/
    wildcards: seq_type=capture, genome_build=grch37, tumour_id=TCRBOA7-T-WEX, normal_id=TCRBOA7-N-WEX, pair_status=matched, var_type=somatic.snvs

zcat results/strelka-1.0/01-strelka/capture--grch37/TCRBOA7-T-WEX--TCRBOA7-N-WEX--matched/results/variants//somatic.snvs.vcf.gz > results/strelka-1.0/02-filtered/capture--grch37/TCRBOA7-T-WEX--TCRBOA7-N-WEX--matched/somatic.snvs.vcf

[Thu Jun  4 11:54:21 2020]
rule _manta_augment_vcf:
    input: results/manta-2.0/02-manta/mrna--grch37/TCRBOA7-T-RNA--None--no_normal/results/variants/, ../../lcr-scripts/augment_manta_vcf/1.0/augment_manta_vcf.py
    output: results/manta-2.0/03-augment_vcf/mrna--grch37/TCRBOA7-T-RNA--None--no_normal/rnaSV.augmented.vcf
    log: results/manta-2.0/logs/launched-2020-06-04-at-11-54-18/03-augment_vcf/mrna--grch37/TCRBOA7-T-RNA--None--no_normal/manta_augment_vcf.rnaSV.stdout.log, results/manta-2.0/logs/launched-2020-06-04-at-11-54-18/03-augment_vcf/mrna--grch37/TCRBOA7-T-RNA--None--no_normal/manta_augment_vcf.rnaSV.stderr.log
    jobid: 28
    reason: Missing output files: results/manta-2.0/03-augment_vcf/mrna--grch37/TCRBOA7-T-RNA--None--no_normal/rnaSV.augmented.vcf; Input files updated by another job: results/manta-2.0/02-manta/mrna--grch37/TCRBOA7-T-RNA--None--no_normal/results/variants/
    wildcards: seq_type=mrna, genome_build=grch37, tumour_id=TCRBOA7-T-RNA, normal_id=None, pair_status=no_normal, vcf_name=rnaSV
    resources: mem_mb=2000

../../lcr-scripts/augment_manta_vcf/1.0/augment_manta_vcf.py  --tumour_id TCRBOA7-T-RNA --normal_id None --vcf_type rnaSV results/manta-2.0/02-manta/mrna--grch37/TCRBOA7-T-RNA--None--no_normal/results/variants//rnaSV.vcf.gz results/manta-2.0/03-augment_vcf/mrna--grch37/TCRBOA7-T-RNA--None--no_normal/rnaSV.augmented.vcf > results/manta-2.0/logs/launched-2020-06-04-at-11-54-18/03-augment_vcf/mrna--grch37/TCRBOA7-T-RNA--None--no_normal/manta_augment_vcf.rnaSV.stdout.log 2> results/manta-2.0/logs/launched-2020-06-04-at-11-54-18/03-augment_vcf/mrna--grch37/TCRBOA7-T-RNA--None--no_normal/manta_augment_vcf.rnaSV.stderr.log

[Thu Jun  4 11:54:21 2020]
rule _manta_augment_vcf:
    input: results/manta-2.0/02-manta/mrna--grch37/TCRBOA7-T-RNA--None--no_normal/results/variants/, ../../lcr-scripts/augment_manta_vcf/1.0/augment_manta_vcf.py
    output: results/manta-2.0/03-augment_vcf/mrna--grch37/TCRBOA7-T-RNA--None--no_normal/candidateSV.augmented.vcf
    log: results/manta-2.0/logs/launched-2020-06-04-at-11-54-18/03-augment_vcf/mrna--grch37/TCRBOA7-T-RNA--None--no_normal/manta_augment_vcf.candidateSV.stdout.log, results/manta-2.0/logs/launched-2020-06-04-at-11-54-18/03-augment_vcf/mrna--grch37/TCRBOA7-T-RNA--None--no_normal/manta_augment_vcf.candidateSV.stderr.log
    jobid: 30
    reason: Missing output files: results/manta-2.0/03-augment_vcf/mrna--grch37/TCRBOA7-T-RNA--None--no_normal/candidateSV.augmented.vcf; Input files updated by another job: results/manta-2.0/02-manta/mrna--grch37/TCRBOA7-T-RNA--None--no_normal/results/variants/
    wildcards: seq_type=mrna, genome_build=grch37, tumour_id=TCRBOA7-T-RNA, normal_id=None, pair_status=no_normal, vcf_name=candidateSV
    resources: mem_mb=2000

../../lcr-scripts/augment_manta_vcf/1.0/augment_manta_vcf.py  --tumour_id TCRBOA7-T-RNA --normal_id None --vcf_type candidateSV results/manta-2.0/02-manta/mrna--grch37/TCRBOA7-T-RNA--None--no_normal/results/variants//candidateSV.vcf.gz results/manta-2.0/03-augment_vcf/mrna--grch37/TCRBOA7-T-RNA--None--no_normal/candidateSV.augmented.vcf > results/manta-2.0/logs/launched-2020-06-04-at-11-54-18/03-augment_vcf/mrna--grch37/TCRBOA7-T-RNA--None--no_normal/manta_augment_vcf.candidateSV.stdout.log 2> results/manta-2.0/logs/launched-2020-06-04-at-11-54-18/03-augment_vcf/mrna--grch37/TCRBOA7-T-RNA--None--no_normal/manta_augment_vcf.candidateSV.stderr.log

[Thu Jun  4 11:54:21 2020]
rule _manta_augment_vcf:
    input: results/manta-2.0/02-manta/capture--grch37/TCRBOA7-T-WEX--TCRBOA7-N-WEX--matched/results/variants/, ../../lcr-scripts/augment_manta_vcf/1.0/augment_manta_vcf.py
    output: results/manta-2.0/03-augment_vcf/capture--grch37/TCRBOA7-T-WEX--TCRBOA7-N-WEX--matched/candidateSV.augmented.vcf
    log: results/manta-2.0/logs/launched-2020-06-04-at-11-54-18/03-augment_vcf/capture--grch37/TCRBOA7-T-WEX--TCRBOA7-N-WEX--matched/manta_augment_vcf.candidateSV.stdout.log, results/manta-2.0/logs/launched-2020-06-04-at-11-54-18/03-augment_vcf/capture--grch37/TCRBOA7-T-WEX--TCRBOA7-N-WEX--matched/manta_augment_vcf.candidateSV.stderr.log
    jobid: 26
    reason: Missing output files: results/manta-2.0/03-augment_vcf/capture--grch37/TCRBOA7-T-WEX--TCRBOA7-N-WEX--matched/candidateSV.augmented.vcf; Input files updated by another job: results/manta-2.0/02-manta/capture--grch37/TCRBOA7-T-WEX--TCRBOA7-N-WEX--matched/results/variants/
    wildcards: seq_type=capture, genome_build=grch37, tumour_id=TCRBOA7-T-WEX, normal_id=TCRBOA7-N-WEX, pair_status=matched, vcf_name=candidateSV
    resources: mem_mb=2000

../../lcr-scripts/augment_manta_vcf/1.0/augment_manta_vcf.py  --tumour_id TCRBOA7-T-WEX --normal_id TCRBOA7-N-WEX --vcf_type candidateSV results/manta-2.0/02-manta/capture--grch37/TCRBOA7-T-WEX--TCRBOA7-N-WEX--matched/results/variants//candidateSV.vcf.gz results/manta-2.0/03-augment_vcf/capture--grch37/TCRBOA7-T-WEX--TCRBOA7-N-WEX--matched/candidateSV.augmented.vcf > results/manta-2.0/logs/launched-2020-06-04-at-11-54-18/03-augment_vcf/capture--grch37/TCRBOA7-T-WEX--TCRBOA7-N-WEX--matched/manta_augment_vcf.candidateSV.stdout.log 2> results/manta-2.0/logs/launched-2020-06-04-at-11-54-18/03-augment_vcf/capture--grch37/TCRBOA7-T-WEX--TCRBOA7-N-WEX--matched/manta_augment_vcf.candidateSV.stderr.log

[Thu Jun  4 11:54:21 2020]
localrule _strelka_unzip:
    input: results/strelka-1.0/01-strelka/capture--grch37/TCRBOA7-T-WEX--TCRBOA7-N-WEX--matched/results/variants/
    output: results/strelka-1.0/02-filtered/capture--grch37/TCRBOA7-T-WEX--TCRBOA7-N-WEX--matched/somatic.indels.vcf
    jobid: 40
    reason: Missing output files: results/strelka-1.0/02-filtered/capture--grch37/TCRBOA7-T-WEX--TCRBOA7-N-WEX--matched/somatic.indels.vcf; Input files updated by another job: results/strelka-1.0/01-strelka/capture--grch37/TCRBOA7-T-WEX--TCRBOA7-N-WEX--matched/results/variants/
    wildcards: seq_type=capture, genome_build=grch37, tumour_id=TCRBOA7-T-WEX, normal_id=TCRBOA7-N-WEX, pair_status=matched, var_type=somatic.indels

zcat results/strelka-1.0/01-strelka/capture--grch37/TCRBOA7-T-WEX--TCRBOA7-N-WEX--matched/results/variants//somatic.indels.vcf.gz > results/strelka-1.0/02-filtered/capture--grch37/TCRBOA7-T-WEX--TCRBOA7-N-WEX--matched/somatic.indels.vcf

[Thu Jun  4 11:54:21 2020]
rule _manta_vcf_to_bedpe:
    input: results/manta-2.0/03-augment_vcf/capture--grch37/TCRBOA7-T-WEX--TCRBOA7-N-WEX--matched/somaticSV.augmented.vcf
    output: results/manta-2.0/04-bedpe/capture--grch37/TCRBOA7-T-WEX--TCRBOA7-N-WEX--matched/somaticSV.bedpe
    log: results/manta-2.0/logs/launched-2020-06-04-at-11-54-18/04-bedpe/capture--grch37/TCRBOA7-T-WEX--TCRBOA7-N-WEX--matched/manta_vcf_to_bedpe.somaticSV.stderr.log
    jobid: 24
    reason: Missing output files: results/manta-2.0/04-bedpe/capture--grch37/TCRBOA7-T-WEX--TCRBOA7-N-WEX--matched/somaticSV.bedpe; Input files updated by another job: results/manta-2.0/03-augment_vcf/capture--grch37/TCRBOA7-T-WEX--TCRBOA7-N-WEX--matched/somaticSV.augmented.vcf
    wildcards: seq_type=capture, genome_build=grch37, tumour_id=TCRBOA7-T-WEX, normal_id=TCRBOA7-N-WEX, pair_status=matched, vcf_name=somaticSV
    resources: mem_mb=2000

svtools vcftobedpe -i results/manta-2.0/03-augment_vcf/capture--grch37/TCRBOA7-T-WEX--TCRBOA7-N-WEX--matched/somaticSV.augmented.vcf > results/manta-2.0/04-bedpe/capture--grch37/TCRBOA7-T-WEX--TCRBOA7-N-WEX--matched/somaticSV.bedpe 2> results/manta-2.0/logs/launched-2020-06-04-at-11-54-18/04-bedpe/capture--grch37/TCRBOA7-T-WEX--TCRBOA7-N-WEX--matched/manta_vcf_to_bedpe.somaticSV.stderr.log

[Thu Jun  4 11:54:21 2020]
localrule _strelka_filter:
    input: results/strelka-1.0/02-filtered/capture--grch37/TCRBOA7-T-WEX--TCRBOA7-N-WEX--matched/somatic.indels.vcf
    output: results/strelka-1.0/02-filtered/capture--grch37/TCRBOA7-T-WEX--TCRBOA7-N-WEX--matched/somatic.indels.filt.vcf
    jobid: 33
    reason: Missing output files: results/strelka-1.0/02-filtered/capture--grch37/TCRBOA7-T-WEX--TCRBOA7-N-WEX--matched/somatic.indels.filt.vcf; Input files updated by another job: results/strelka-1.0/02-filtered/capture--grch37/TCRBOA7-T-WEX--TCRBOA7-N-WEX--matched/somatic.indels.vcf
    wildcards: seq_type=capture, genome_build=grch37, tumour_id=TCRBOA7-T-WEX, normal_id=TCRBOA7-N-WEX, pair_status=matched, var_type=somatic.indels

grep '^#' results/strelka-1.0/02-filtered/capture--grch37/TCRBOA7-T-WEX--TCRBOA7-N-WEX--matched/somatic.indels.vcf > results/strelka-1.0/02-filtered/capture--grch37/TCRBOA7-T-WEX--TCRBOA7-N-WEX--matched/somatic.indels.filt.vcf && awk '{ if ($7 == "PASS") { print $0 } }' results/strelka-1.0/02-filtered/capture--grch37/TCRBOA7-T-WEX--TCRBOA7-N-WEX--matched/somatic.indels.vcf >> results/strelka-1.0/02-filtered/capture--grch37/TCRBOA7-T-WEX--TCRBOA7-N-WEX--matched/somatic.indels.filt.vcf

[Thu Jun  4 11:54:21 2020]
localrule _manta_output_vcf:
    input: results/manta-2.0/03-augment_vcf/capture--grch37/TCRBOA7-T-WEX--TCRBOA7-N-WEX--matched/candidateSmallIndels.augmented.vcf
    output: results/manta-2.0/99-outputs/vcf/capture--grch37/candidateSmallIndels/TCRBOA7-T-WEX--TCRBOA7-N-WEX--matched.candidateSmallIndels.vcf
    jobid: 11
    reason: Missing output files: results/manta-2.0/99-outputs/vcf/capture--grch37/candidateSmallIndels/TCRBOA7-T-WEX--TCRBOA7-N-WEX--matched.candidateSmallIndels.vcf; Input files updated by another job: results/manta-2.0/03-augment_vcf/capture--grch37/TCRBOA7-T-WEX--TCRBOA7-N-WEX--matched/candidateSmallIndels.augmented.vcf
    wildcards: seq_type=capture, genome_build=grch37, vcf_name=candidateSmallIndels, tumour_id=TCRBOA7-T-WEX, normal_id=TCRBOA7-N-WEX, pair_status=matched

[Thu Jun  4 11:54:21 2020]
localrule _manta_output_vcf:
    input: results/manta-2.0/03-augment_vcf/capture--grch37/TCRBOA7-T-WEX--TCRBOA7-N-WEX--matched/diploidSV.augmented.vcf
    output: results/manta-2.0/99-outputs/vcf/capture--grch37/diploidSV/TCRBOA7-T-WEX--TCRBOA7-N-WEX--matched.diploidSV.vcf
    jobid: 7
    reason: Missing output files: results/manta-2.0/99-outputs/vcf/capture--grch37/diploidSV/TCRBOA7-T-WEX--TCRBOA7-N-WEX--matched.diploidSV.vcf; Input files updated by another job: results/manta-2.0/03-augment_vcf/capture--grch37/TCRBOA7-T-WEX--TCRBOA7-N-WEX--matched/diploidSV.augmented.vcf
    wildcards: seq_type=capture, genome_build=grch37, vcf_name=diploidSV, tumour_id=TCRBOA7-T-WEX, normal_id=TCRBOA7-N-WEX, pair_status=matched

[Thu Jun  4 11:54:21 2020]
localrule _manta_output_vcf:
    input: results/manta-2.0/03-augment_vcf/mrna--grch37/TCRBOA7-T-RNA--None--no_normal/candidateSmallIndels.augmented.vcf
    output: results/manta-2.0/99-outputs/vcf/mrna--grch37/candidateSmallIndels/TCRBOA7-T-RNA--None--no_normal.candidateSmallIndels.vcf
    jobid: 15
    reason: Missing output files: results/manta-2.0/99-outputs/vcf/mrna--grch37/candidateSmallIndels/TCRBOA7-T-RNA--None--no_normal.candidateSmallIndels.vcf; Input files updated by another job: results/manta-2.0/03-augment_vcf/mrna--grch37/TCRBOA7-T-RNA--None--no_normal/candidateSmallIndels.augmented.vcf
    wildcards: seq_type=mrna, genome_build=grch37, vcf_name=candidateSmallIndels, tumour_id=TCRBOA7-T-RNA, normal_id=None, pair_status=no_normal

[Thu Jun  4 11:54:21 2020]
localrule _manta_output_vcf:
    input: results/manta-2.0/03-augment_vcf/capture--grch37/TCRBOA7-T-WEX--TCRBOA7-N-WEX--matched/somaticSV.augmented.vcf
    output: results/manta-2.0/99-outputs/vcf/capture--grch37/somaticSV/TCRBOA7-T-WEX--TCRBOA7-N-WEX--matched.somaticSV.vcf
    jobid: 6
    reason: Missing output files: results/manta-2.0/99-outputs/vcf/capture--grch37/somaticSV/TCRBOA7-T-WEX--TCRBOA7-N-WEX--matched.somaticSV.vcf; Input files updated by another job: results/manta-2.0/03-augment_vcf/capture--grch37/TCRBOA7-T-WEX--TCRBOA7-N-WEX--matched/somaticSV.augmented.vcf
    wildcards: seq_type=capture, genome_build=grch37, vcf_name=somaticSV, tumour_id=TCRBOA7-T-WEX, normal_id=TCRBOA7-N-WEX, pair_status=matched

[Thu Jun  4 11:54:21 2020]
rule _manta_vcf_to_bedpe:
    input: results/manta-2.0/03-augment_vcf/capture--grch37/TCRBOA7-T-WEX--TCRBOA7-N-WEX--matched/diploidSV.augmented.vcf
    output: results/manta-2.0/04-bedpe/capture--grch37/TCRBOA7-T-WEX--TCRBOA7-N-WEX--matched/diploidSV.bedpe
    log: results/manta-2.0/logs/launched-2020-06-04-at-11-54-18/04-bedpe/capture--grch37/TCRBOA7-T-WEX--TCRBOA7-N-WEX--matched/manta_vcf_to_bedpe.diploidSV.stderr.log
    jobid: 25
    reason: Missing output files: results/manta-2.0/04-bedpe/capture--grch37/TCRBOA7-T-WEX--TCRBOA7-N-WEX--matched/diploidSV.bedpe; Input files updated by another job: results/manta-2.0/03-augment_vcf/capture--grch37/TCRBOA7-T-WEX--TCRBOA7-N-WEX--matched/diploidSV.augmented.vcf
    wildcards: seq_type=capture, genome_build=grch37, tumour_id=TCRBOA7-T-WEX, normal_id=TCRBOA7-N-WEX, pair_status=matched, vcf_name=diploidSV
    resources: mem_mb=2000

svtools vcftobedpe -i results/manta-2.0/03-augment_vcf/capture--grch37/TCRBOA7-T-WEX--TCRBOA7-N-WEX--matched/diploidSV.augmented.vcf > results/manta-2.0/04-bedpe/capture--grch37/TCRBOA7-T-WEX--TCRBOA7-N-WEX--matched/diploidSV.bedpe 2> results/manta-2.0/logs/launched-2020-06-04-at-11-54-18/04-bedpe/capture--grch37/TCRBOA7-T-WEX--TCRBOA7-N-WEX--matched/manta_vcf_to_bedpe.diploidSV.stderr.log

[Thu Jun  4 11:54:21 2020]
rule _manta_vcf_to_bedpe:
    input: results/manta-2.0/03-augment_vcf/mrna--grch37/TCRBOA7-T-RNA--None--no_normal/rnaSV.augmented.vcf
    output: results/manta-2.0/04-bedpe/mrna--grch37/TCRBOA7-T-RNA--None--no_normal/rnaSV.bedpe
    log: results/manta-2.0/logs/launched-2020-06-04-at-11-54-18/04-bedpe/mrna--grch37/TCRBOA7-T-RNA--None--no_normal/manta_vcf_to_bedpe.rnaSV.stderr.log
    jobid: 29
    reason: Missing output files: results/manta-2.0/04-bedpe/mrna--grch37/TCRBOA7-T-RNA--None--no_normal/rnaSV.bedpe; Input files updated by another job: results/manta-2.0/03-augment_vcf/mrna--grch37/TCRBOA7-T-RNA--None--no_normal/rnaSV.augmented.vcf
    wildcards: seq_type=mrna, genome_build=grch37, tumour_id=TCRBOA7-T-RNA, normal_id=None, pair_status=no_normal, vcf_name=rnaSV
    resources: mem_mb=2000

svtools vcftobedpe -i results/manta-2.0/03-augment_vcf/mrna--grch37/TCRBOA7-T-RNA--None--no_normal/rnaSV.augmented.vcf > results/manta-2.0/04-bedpe/mrna--grch37/TCRBOA7-T-RNA--None--no_normal/rnaSV.bedpe 2> results/manta-2.0/logs/launched-2020-06-04-at-11-54-18/04-bedpe/mrna--grch37/TCRBOA7-T-RNA--None--no_normal/manta_vcf_to_bedpe.rnaSV.stderr.log

[Thu Jun  4 11:54:21 2020]
localrule _manta_output_vcf:
    input: results/manta-2.0/03-augment_vcf/mrna--grch37/TCRBOA7-T-RNA--None--no_normal/candidateSV.augmented.vcf
    output: results/manta-2.0/99-outputs/vcf/mrna--grch37/candidateSV/TCRBOA7-T-RNA--None--no_normal.candidateSV.vcf
    jobid: 14
    reason: Missing output files: results/manta-2.0/99-outputs/vcf/mrna--grch37/candidateSV/TCRBOA7-T-RNA--None--no_normal.candidateSV.vcf; Input files updated by another job: results/manta-2.0/03-augment_vcf/mrna--grch37/TCRBOA7-T-RNA--None--no_normal/candidateSV.augmented.vcf
    wildcards: seq_type=mrna, genome_build=grch37, vcf_name=candidateSV, tumour_id=TCRBOA7-T-RNA, normal_id=None, pair_status=no_normal

[Thu Jun  4 11:54:21 2020]
localrule _manta_output_vcf:
    input: results/manta-2.0/03-augment_vcf/mrna--grch37/TCRBOA7-T-RNA--None--no_normal/rnaSV.augmented.vcf
    output: results/manta-2.0/99-outputs/vcf/mrna--grch37/rnaSV/TCRBOA7-T-RNA--None--no_normal.rnaSV.vcf
    jobid: 12
    reason: Missing output files: results/manta-2.0/99-outputs/vcf/mrna--grch37/rnaSV/TCRBOA7-T-RNA--None--no_normal.rnaSV.vcf; Input files updated by another job: results/manta-2.0/03-augment_vcf/mrna--grch37/TCRBOA7-T-RNA--None--no_normal/rnaSV.augmented.vcf
    wildcards: seq_type=mrna, genome_build=grch37, vcf_name=rnaSV, tumour_id=TCRBOA7-T-RNA, normal_id=None, pair_status=no_normal

[Thu Jun  4 11:54:21 2020]
localrule _star_symlink_sorted_bam:
    input: results/star-1.0/02-sort_bam/mrna--grch37/TCRBOA7-T-RNA.sort.bam, results/star-1.0/01-star/mrna--grch37/TCRBOA7-T-RNA/Aligned.out.bam
    output: results/star-1.0/03-mark_dups/mrna--grch37/TCRBOA7-T-RNA.sort.bam
    jobid: 35
    reason: Missing output files: results/star-1.0/03-mark_dups/mrna--grch37/TCRBOA7-T-RNA.sort.bam; Input files updated by another job: results/star-1.0/02-sort_bam/mrna--grch37/TCRBOA7-T-RNA.sort.bam, results/star-1.0/01-star/mrna--grch37/TCRBOA7-T-RNA/Aligned.out.bam
    wildcards: seq_type=mrna, genome_build=grch37, sample_id=TCRBOA7-T-RNA

[Thu Jun  4 11:54:21 2020]
localrule _manta_output_vcf:
    input: results/manta-2.0/03-augment_vcf/capture--grch37/TCRBOA7-T-WEX--TCRBOA7-N-WEX--matched/candidateSV.augmented.vcf
    output: results/manta-2.0/99-outputs/vcf/capture--grch37/candidateSV/TCRBOA7-T-WEX--TCRBOA7-N-WEX--matched.candidateSV.vcf
    jobid: 10
    reason: Missing output files: results/manta-2.0/99-outputs/vcf/capture--grch37/candidateSV/TCRBOA7-T-WEX--TCRBOA7-N-WEX--matched.candidateSV.vcf; Input files updated by another job: results/manta-2.0/03-augment_vcf/capture--grch37/TCRBOA7-T-WEX--TCRBOA7-N-WEX--matched/candidateSV.augmented.vcf
    wildcards: seq_type=capture, genome_build=grch37, vcf_name=candidateSV, tumour_id=TCRBOA7-T-WEX, normal_id=TCRBOA7-N-WEX, pair_status=matched

[Thu Jun  4 11:54:21 2020]
localrule _strelka_filter:
    input: results/strelka-1.0/02-filtered/capture--grch37/TCRBOA7-T-WEX--TCRBOA7-N-WEX--matched/somatic.snvs.vcf
    output: results/strelka-1.0/02-filtered/capture--grch37/TCRBOA7-T-WEX--TCRBOA7-N-WEX--matched/somatic.snvs.filt.vcf
    jobid: 32
    reason: Missing output files: results/strelka-1.0/02-filtered/capture--grch37/TCRBOA7-T-WEX--TCRBOA7-N-WEX--matched/somatic.snvs.filt.vcf; Input files updated by another job: results/strelka-1.0/02-filtered/capture--grch37/TCRBOA7-T-WEX--TCRBOA7-N-WEX--matched/somatic.snvs.vcf
    wildcards: seq_type=capture, genome_build=grch37, tumour_id=TCRBOA7-T-WEX, normal_id=TCRBOA7-N-WEX, pair_status=matched, var_type=somatic.snvs

grep '^#' results/strelka-1.0/02-filtered/capture--grch37/TCRBOA7-T-WEX--TCRBOA7-N-WEX--matched/somatic.snvs.vcf > results/strelka-1.0/02-filtered/capture--grch37/TCRBOA7-T-WEX--TCRBOA7-N-WEX--matched/somatic.snvs.filt.vcf && awk '{ if ($7 == "PASS") { print $0 } }' results/strelka-1.0/02-filtered/capture--grch37/TCRBOA7-T-WEX--TCRBOA7-N-WEX--matched/somatic.snvs.vcf >> results/strelka-1.0/02-filtered/capture--grch37/TCRBOA7-T-WEX--TCRBOA7-N-WEX--matched/somatic.snvs.filt.vcf

[Thu Jun  4 11:54:21 2020]
localrule _strelka_filter:
    input: results/strelka-1.0/02-filtered/mrna--grch37/TCRBOA7-T-RNA--None--no_normal/variants.vcf
    output: results/strelka-1.0/02-filtered/mrna--grch37/TCRBOA7-T-RNA--None--no_normal/variants.filt.vcf
    jobid: 34
    reason: Missing output files: results/strelka-1.0/02-filtered/mrna--grch37/TCRBOA7-T-RNA--None--no_normal/variants.filt.vcf; Input files updated by another job: results/strelka-1.0/02-filtered/mrna--grch37/TCRBOA7-T-RNA--None--no_normal/variants.vcf
    wildcards: seq_type=mrna, genome_build=grch37, tumour_id=TCRBOA7-T-RNA, normal_id=None, pair_status=no_normal, var_type=variants

grep '^#' results/strelka-1.0/02-filtered/mrna--grch37/TCRBOA7-T-RNA--None--no_normal/variants.vcf > results/strelka-1.0/02-filtered/mrna--grch37/TCRBOA7-T-RNA--None--no_normal/variants.filt.vcf && awk '{ if ($7 == "PASS") { print $0 } }' results/strelka-1.0/02-filtered/mrna--grch37/TCRBOA7-T-RNA--None--no_normal/variants.vcf >> results/strelka-1.0/02-filtered/mrna--grch37/TCRBOA7-T-RNA--None--no_normal/variants.filt.vcf

[Thu Jun  4 11:54:21 2020]
localrule _manta_output_bedpe:
    input: results/manta-2.0/04-bedpe/mrna--grch37/TCRBOA7-T-RNA--None--no_normal/rnaSV.bedpe
    output: results/manta-2.0/99-outputs/bedpe/mrna--grch37/rnaSV/TCRBOA7-T-RNA--None--no_normal.rnaSV.bedpe
    jobid: 13
    reason: Missing output files: results/manta-2.0/99-outputs/bedpe/mrna--grch37/rnaSV/TCRBOA7-T-RNA--None--no_normal.rnaSV.bedpe; Input files updated by another job: results/manta-2.0/04-bedpe/mrna--grch37/TCRBOA7-T-RNA--None--no_normal/rnaSV.bedpe
    wildcards: seq_type=mrna, genome_build=grch37, vcf_name=rnaSV, tumour_id=TCRBOA7-T-RNA, normal_id=None, pair_status=no_normal

[Thu Jun  4 11:54:21 2020]
localrule _strelka_output_vcf:
    input: results/strelka-1.0/02-filtered/capture--grch37/TCRBOA7-T-WEX--TCRBOA7-N-WEX--matched/somatic.indels.filt.vcf
    output: results/strelka-1.0/99-outputs/capture--grch37/TCRBOA7-T-WEX--TCRBOA7-N-WEX--matched/somatic.indels.vcf
    jobid: 17
    reason: Missing output files: results/strelka-1.0/99-outputs/capture--grch37/TCRBOA7-T-WEX--TCRBOA7-N-WEX--matched/somatic.indels.vcf; Input files updated by another job: results/strelka-1.0/02-filtered/capture--grch37/TCRBOA7-T-WEX--TCRBOA7-N-WEX--matched/somatic.indels.filt.vcf
    wildcards: seq_type=capture, genome_build=grch37, tumour_id=TCRBOA7-T-WEX, normal_id=TCRBOA7-N-WEX, pair_status=matched, var_type=somatic.indels

[Thu Jun  4 11:54:21 2020]
localrule _manta_output_bedpe:
    input: results/manta-2.0/04-bedpe/capture--grch37/TCRBOA7-T-WEX--TCRBOA7-N-WEX--matched/somaticSV.bedpe
    output: results/manta-2.0/99-outputs/bedpe/capture--grch37/somaticSV/TCRBOA7-T-WEX--TCRBOA7-N-WEX--matched.somaticSV.bedpe
    jobid: 8
    reason: Missing output files: results/manta-2.0/99-outputs/bedpe/capture--grch37/somaticSV/TCRBOA7-T-WEX--TCRBOA7-N-WEX--matched.somaticSV.bedpe; Input files updated by another job: results/manta-2.0/04-bedpe/capture--grch37/TCRBOA7-T-WEX--TCRBOA7-N-WEX--matched/somaticSV.bedpe
    wildcards: seq_type=capture, genome_build=grch37, vcf_name=somaticSV, tumour_id=TCRBOA7-T-WEX, normal_id=TCRBOA7-N-WEX, pair_status=matched

[Thu Jun  4 11:54:21 2020]
localrule _strelka_output_vcf:
    input: results/strelka-1.0/02-filtered/capture--grch37/TCRBOA7-T-WEX--TCRBOA7-N-WEX--matched/somatic.snvs.filt.vcf
    output: results/strelka-1.0/99-outputs/capture--grch37/TCRBOA7-T-WEX--TCRBOA7-N-WEX--matched/somatic.snvs.vcf
    jobid: 16
    reason: Missing output files: results/strelka-1.0/99-outputs/capture--grch37/TCRBOA7-T-WEX--TCRBOA7-N-WEX--matched/somatic.snvs.vcf; Input files updated by another job: results/strelka-1.0/02-filtered/capture--grch37/TCRBOA7-T-WEX--TCRBOA7-N-WEX--matched/somatic.snvs.filt.vcf
    wildcards: seq_type=capture, genome_build=grch37, tumour_id=TCRBOA7-T-WEX, normal_id=TCRBOA7-N-WEX, pair_status=matched, var_type=somatic.snvs

[Thu Jun  4 11:54:21 2020]
localrule _strelka_output_vcf:
    input: results/strelka-1.0/02-filtered/mrna--grch37/TCRBOA7-T-RNA--None--no_normal/variants.filt.vcf
    output: results/strelka-1.0/99-outputs/mrna--grch37/TCRBOA7-T-RNA--None--no_normal/variants.vcf
    jobid: 18
    reason: Missing output files: results/strelka-1.0/99-outputs/mrna--grch37/TCRBOA7-T-RNA--None--no_normal/variants.vcf; Input files updated by another job: results/strelka-1.0/02-filtered/mrna--grch37/TCRBOA7-T-RNA--None--no_normal/variants.filt.vcf
    wildcards: seq_type=mrna, genome_build=grch37, tumour_id=TCRBOA7-T-RNA, normal_id=None, pair_status=no_normal, var_type=variants

[Thu Jun  4 11:54:21 2020]
localrule _manta_output_bedpe:
    input: results/manta-2.0/04-bedpe/capture--grch37/TCRBOA7-T-WEX--TCRBOA7-N-WEX--matched/diploidSV.bedpe
    output: results/manta-2.0/99-outputs/bedpe/capture--grch37/diploidSV/TCRBOA7-T-WEX--TCRBOA7-N-WEX--matched.diploidSV.bedpe
    jobid: 9
    reason: Missing output files: results/manta-2.0/99-outputs/bedpe/capture--grch37/diploidSV/TCRBOA7-T-WEX--TCRBOA7-N-WEX--matched.diploidSV.bedpe; Input files updated by another job: results/manta-2.0/04-bedpe/capture--grch37/TCRBOA7-T-WEX--TCRBOA7-N-WEX--matched/diploidSV.bedpe
    wildcards: seq_type=capture, genome_build=grch37, vcf_name=diploidSV, tumour_id=TCRBOA7-T-WEX, normal_id=TCRBOA7-N-WEX, pair_status=matched

[Thu Jun  4 11:54:21 2020]
rule 2:
    input: results/star-1.0/03-mark_dups/mrna--grch37/TCRBOA7-T-RNA.sort.bam
    output: results/star-1.0/03-mark_dups/mrna--grch37/TCRBOA7-T-RNA.sort.mdups.bam
    log: results/star-1.0/logs/launched-2020-06-04-at-11-54-18/03-mark_dups/mrna--grch37/TCRBOA7-T-RNA.sort/bam_markdups.stdout.log, results/star-1.0/logs/launched-2020-06-04-at-11-54-18/03-mark_dups/mrna--grch37/TCRBOA7-T-RNA.sort/bam_markdups.stderr.log
    jobid: 19
    reason: Missing output files: results/star-1.0/03-mark_dups/mrna--grch37/TCRBOA7-T-RNA.sort.mdups.bam; Input files updated by another job: results/star-1.0/03-mark_dups/mrna--grch37/TCRBOA7-T-RNA.sort.bam
    wildcards: prefix=03-mark_dups/mrna--grch37, suffix=TCRBOA7-T-RNA.sort
    resources: mem_mb=8000

sambamba markdup  --nthreads 1 results/star-1.0/03-mark_dups/mrna--grch37/TCRBOA7-T-RNA.sort.bam results/star-1.0/03-mark_dups/mrna--grch37/TCRBOA7-T-RNA.sort.mdups.bam > results/star-1.0/logs/launched-2020-06-04-at-11-54-18/03-mark_dups/mrna--grch37/TCRBOA7-T-RNA.sort/bam_markdups.stdout.log 2> results/star-1.0/logs/launched-2020-06-04-at-11-54-18/03-mark_dups/mrna--grch37/TCRBOA7-T-RNA.sort/bam_markdups.stderr.log

[Thu Jun  4 11:54:21 2020]
localrule _manta_dispatch:
    input: results/manta-2.0/99-outputs/vcf/capture--grch37/somaticSV/TCRBOA7-T-WEX--TCRBOA7-N-WEX--matched.somaticSV.vcf, results/manta-2.0/99-outputs/vcf/capture--grch37/diploidSV/TCRBOA7-T-WEX--TCRBOA7-N-WEX--matched.diploidSV.vcf, results/manta-2.0/99-outputs/bedpe/capture--grch37/somaticSV/TCRBOA7-T-WEX--TCRBOA7-N-WEX--matched.somaticSV.bedpe, results/manta-2.0/99-outputs/bedpe/capture--grch37/diploidSV/TCRBOA7-T-WEX--TCRBOA7-N-WEX--matched.diploidSV.bedpe, results/manta-2.0/99-outputs/vcf/capture--grch37/candidateSV/TCRBOA7-T-WEX--TCRBOA7-N-WEX--matched.candidateSV.vcf, results/manta-2.0/99-outputs/vcf/capture--grch37/candidateSmallIndels/TCRBOA7-T-WEX--TCRBOA7-N-WEX--matched.candidateSmallIndels.vcf
    output: results/manta-2.0/99-outputs/dispatched/capture--grch37/TCRBOA7-T-WEX--TCRBOA7-N-WEX--matched.dispatched
    jobid: 1
    reason: Missing output files: results/manta-2.0/99-outputs/dispatched/capture--grch37/TCRBOA7-T-WEX--TCRBOA7-N-WEX--matched.dispatched; Input files updated by another job: results/manta-2.0/99-outputs/bedpe/capture--grch37/somaticSV/TCRBOA7-T-WEX--TCRBOA7-N-WEX--matched.somaticSV.bedpe, results/manta-2.0/99-outputs/vcf/capture--grch37/candidateSV/TCRBOA7-T-WEX--TCRBOA7-N-WEX--matched.candidateSV.vcf, results/manta-2.0/99-outputs/vcf/capture--grch37/diploidSV/TCRBOA7-T-WEX--TCRBOA7-N-WEX--matched.diploidSV.vcf, results/manta-2.0/99-outputs/bedpe/capture--grch37/diploidSV/TCRBOA7-T-WEX--TCRBOA7-N-WEX--matched.diploidSV.bedpe, results/manta-2.0/99-outputs/vcf/capture--grch37/candidateSmallIndels/TCRBOA7-T-WEX--TCRBOA7-N-WEX--matched.candidateSmallIndels.vcf, results/manta-2.0/99-outputs/vcf/capture--grch37/somaticSV/TCRBOA7-T-WEX--TCRBOA7-N-WEX--matched.somaticSV.vcf
    wildcards: seq_type=capture, genome_build=grch37, tumour_id=TCRBOA7-T-WEX, normal_id=TCRBOA7-N-WEX, pair_status=matched

[Thu Jun  4 11:54:21 2020]
rule 3:
    input: results/star-1.0/03-mark_dups/mrna--grch37/TCRBOA7-T-RNA.sort.mdups.bam
    output: results/star-1.0/03-mark_dups/mrna--grch37/TCRBOA7-T-RNA.sort.mdups.bam.bai
    log: results/star-1.0/logs/launched-2020-06-04-at-11-54-18/03-mark_dups/mrna--grch37/TCRBOA7-T-RNA.sort.mdups/bam_index.stdout.log, results/star-1.0/logs/launched-2020-06-04-at-11-54-18/03-mark_dups/mrna--grch37/TCRBOA7-T-RNA.sort.mdups/bam_index.stderr.log
    jobid: 20
    reason: Missing output files: results/star-1.0/03-mark_dups/mrna--grch37/TCRBOA7-T-RNA.sort.mdups.bam.bai; Input files updated by another job: results/star-1.0/03-mark_dups/mrna--grch37/TCRBOA7-T-RNA.sort.mdups.bam
    wildcards: prefix=03-mark_dups/mrna--grch37, suffix=TCRBOA7-T-RNA.sort.mdups
    resources: mem_mb=4000

samtools index -b -@ 1 results/star-1.0/03-mark_dups/mrna--grch37/TCRBOA7-T-RNA.sort.mdups.bam > results/star-1.0/logs/launched-2020-06-04-at-11-54-18/03-mark_dups/mrna--grch37/TCRBOA7-T-RNA.sort.mdups/bam_index.stdout.log 2> results/star-1.0/logs/launched-2020-06-04-at-11-54-18/03-mark_dups/mrna--grch37/TCRBOA7-T-RNA.sort.mdups/bam_index.stderr.log

[Thu Jun  4 11:54:21 2020]
localrule _strelka_dispatch:
    input: results/strelka-1.0/99-outputs/mrna--grch37/TCRBOA7-T-RNA--None--no_normal/variants.vcf
    output: results/strelka-1.0/99-outputs/mrna--grch37/TCRBOA7-T-RNA--None--no_normal.dispatched
    jobid: 4
    reason: Missing output files: results/strelka-1.0/99-outputs/mrna--grch37/TCRBOA7-T-RNA--None--no_normal.dispatched; Input files updated by another job: results/strelka-1.0/99-outputs/mrna--grch37/TCRBOA7-T-RNA--None--no_normal/variants.vcf
    wildcards: seq_type=mrna, genome_build=grch37, tumour_id=TCRBOA7-T-RNA, normal_id=None, pair_status=no_normal

[Thu Jun  4 11:54:21 2020]
localrule _strelka_dispatch:
    input: results/strelka-1.0/99-outputs/capture--grch37/TCRBOA7-T-WEX--TCRBOA7-N-WEX--matched/somatic.snvs.vcf, results/strelka-1.0/99-outputs/capture--grch37/TCRBOA7-T-WEX--TCRBOA7-N-WEX--matched/somatic.indels.vcf
    output: results/strelka-1.0/99-outputs/capture--grch37/TCRBOA7-T-WEX--TCRBOA7-N-WEX--matched.dispatched
    jobid: 3
    reason: Missing output files: results/strelka-1.0/99-outputs/capture--grch37/TCRBOA7-T-WEX--TCRBOA7-N-WEX--matched.dispatched; Input files updated by another job: results/strelka-1.0/99-outputs/capture--grch37/TCRBOA7-T-WEX--TCRBOA7-N-WEX--matched/somatic.indels.vcf, results/strelka-1.0/99-outputs/capture--grch37/TCRBOA7-T-WEX--TCRBOA7-N-WEX--matched/somatic.snvs.vcf
    wildcards: seq_type=capture, genome_build=grch37, tumour_id=TCRBOA7-T-WEX, normal_id=TCRBOA7-N-WEX, pair_status=matched

[Thu Jun  4 11:54:21 2020]
localrule _manta_dispatch:
    input: results/manta-2.0/99-outputs/vcf/mrna--grch37/rnaSV/TCRBOA7-T-RNA--None--no_normal.rnaSV.vcf, results/manta-2.0/99-outputs/bedpe/mrna--grch37/rnaSV/TCRBOA7-T-RNA--None--no_normal.rnaSV.bedpe, results/manta-2.0/99-outputs/vcf/mrna--grch37/candidateSV/TCRBOA7-T-RNA--None--no_normal.candidateSV.vcf, results/manta-2.0/99-outputs/vcf/mrna--grch37/candidateSmallIndels/TCRBOA7-T-RNA--None--no_normal.candidateSmallIndels.vcf
    output: results/manta-2.0/99-outputs/dispatched/mrna--grch37/TCRBOA7-T-RNA--None--no_normal.dispatched
    jobid: 2
    reason: Missing output files: results/manta-2.0/99-outputs/dispatched/mrna--grch37/TCRBOA7-T-RNA--None--no_normal.dispatched; Input files updated by another job: results/manta-2.0/99-outputs/vcf/mrna--grch37/candidateSmallIndels/TCRBOA7-T-RNA--None--no_normal.candidateSmallIndels.vcf, results/manta-2.0/99-outputs/vcf/mrna--grch37/candidateSV/TCRBOA7-T-RNA--None--no_normal.candidateSV.vcf, results/manta-2.0/99-outputs/vcf/mrna--grch37/rnaSV/TCRBOA7-T-RNA--None--no_normal.rnaSV.vcf, results/manta-2.0/99-outputs/bedpe/mrna--grch37/rnaSV/TCRBOA7-T-RNA--None--no_normal.rnaSV.bedpe
    wildcards: seq_type=mrna, genome_build=grch37, tumour_id=TCRBOA7-T-RNA, normal_id=None, pair_status=no_normal

[Thu Jun  4 11:54:21 2020]
localrule _star_output_bam:
    input: results/star-1.0/03-mark_dups/mrna--grch37/TCRBOA7-T-RNA.sort.mdups.bam, results/star-1.0/03-mark_dups/mrna--grch37/TCRBOA7-T-RNA.sort.mdups.bam.bai, results/star-1.0/02-sort_bam/mrna--grch37/TCRBOA7-T-RNA.sort.bam
    output: results/star-1.0/99-outputs/bam/mrna--grch37/TCRBOA7-T-RNA.bam
    jobid: 5
    reason: Missing output files: results/star-1.0/99-outputs/bam/mrna--grch37/TCRBOA7-T-RNA.bam; Input files updated by another job: results/star-1.0/03-mark_dups/mrna--grch37/TCRBOA7-T-RNA.sort.mdups.bam, results/star-1.0/02-sort_bam/mrna--grch37/TCRBOA7-T-RNA.sort.bam, results/star-1.0/03-mark_dups/mrna--grch37/TCRBOA7-T-RNA.sort.mdups.bam.bai
    wildcards: seq_type=mrna, genome_build=grch37, sample_id=TCRBOA7-T-RNA

[Thu Jun  4 11:54:21 2020]
localrule all:
    input: results/manta-2.0/99-outputs/dispatched/capture--grch37/TCRBOA7-T-WEX--TCRBOA7-N-WEX--matched.dispatched, results/manta-2.0/99-outputs/dispatched/mrna--grch37/TCRBOA7-T-RNA--None--no_normal.dispatched, results/strelka-1.0/99-outputs/capture--grch37/TCRBOA7-T-WEX--TCRBOA7-N-WEX--matched.dispatched, results/strelka-1.0/99-outputs/mrna--grch37/TCRBOA7-T-RNA--None--no_normal.dispatched, results/star-1.0/99-outputs/bam/mrna--grch37/TCRBOA7-T-RNA.bam
    jobid: 0
    reason: Input files updated by another job: results/star-1.0/99-outputs/bam/mrna--grch37/TCRBOA7-T-RNA.bam, results/manta-2.0/99-outputs/dispatched/capture--grch37/TCRBOA7-T-WEX--TCRBOA7-N-WEX--matched.dispatched, results/manta-2.0/99-outputs/dispatched/mrna--grch37/TCRBOA7-T-RNA--None--no_normal.dispatched, results/strelka-1.0/99-outputs/mrna--grch37/TCRBOA7-T-RNA--None--no_normal.dispatched, results/strelka-1.0/99-outputs/capture--grch37/TCRBOA7-T-WEX--TCRBOA7-N-WEX--matched.dispatched

Job counts:
	count	jobs
	1	1
	1	2
	1	3
	7	_manta_augment_vcf
	1	_manta_configure_paired
	1	_manta_configure_unpaired
	2	_manta_dispatch
	1	_manta_index_bed
	3	_manta_input_bam
	3	_manta_output_bedpe
	7	_manta_output_vcf
	2	_manta_run
	3	_manta_vcf_to_bedpe
	1	_star_input_fastq
	1	_star_output_bam
	1	_star_run
	1	_star_symlink_sorted_bam
	1	_star_symlink_star_bam
	1	_strelka_configure_paired
	1	_strelka_configure_unpaired
	2	_strelka_dispatch
	3	_strelka_filter
	3	_strelka_input_bam
	3	_strelka_output_vcf
	2	_strelka_run
	3	_strelka_unzip
	1	all
	57
This was a dry-run (flag -n). The order of jobs does not reflect the order of execution.
